{"meta": {"format": 3, "version": "7.9.2", "timestamp": "2025-07-14T11:30:17.408370", "branch_coverage": false, "show_contexts": false}, "files": {"apps/__init__.py": {"executed_lines": [0], "summary": {"covered_lines": 0, "num_statements": 0, "percent_covered": 100.0, "percent_covered_display": "100", "missing_lines": 0, "excluded_lines": 0}, "missing_lines": [], "excluded_lines": [], "functions": {"": {"executed_lines": [], "summary": {"covered_lines": 0, "num_statements": 0, "percent_covered": 100.0, "percent_covered_display": "100", "missing_lines": 0, "excluded_lines": 0}, "missing_lines": [], "excluded_lines": []}}, "classes": {"": {"executed_lines": [], "summary": {"covered_lines": 0, "num_statements": 0, "percent_covered": 100.0, "percent_covered_display": "100", "missing_lines": 0, "excluded_lines": 0}, "missing_lines": [], "excluded_lines": []}}}, "apps/authentication/__init__.py": {"executed_lines": [0], "summary": {"covered_lines": 0, "num_statements": 0, "percent_covered": 100.0, "percent_covered_display": "100", "missing_lines": 0, "excluded_lines": 0}, "missing_lines": [], "excluded_lines": [], "functions": {"": {"executed_lines": [], "summary": {"covered_lines": 0, "num_statements": 0, "percent_covered": 100.0, "percent_covered_display": "100", "missing_lines": 0, "excluded_lines": 0}, "missing_lines": [], "excluded_lines": []}}, "classes": {"": {"executed_lines": [], "summary": {"covered_lines": 0, "num_statements": 0, "percent_covered": 100.0, "percent_covered_display": "100", "missing_lines": 0, "excluded_lines": 0}, "missing_lines": [], "excluded_lines": []}}}, "apps/authentication/admin.py": {"executed_lines": [1, 4, 5, 6, 8, 11, 12, 13, 15, 25, 32, 33, 34, 35, 36, 39, 40, 41, 43, 44, 45, 46, 48, 57, 60, 61, 62, 64, 65, 66, 67, 69, 77, 79], "summary": {"covered_lines": 30, "num_statements": 34, "percent_covered": 88.23529411764706, "percent_covered_display": "88", "missing_lines": 4, "excluded_lines": 0}, "missing_lines": [80, 81, 82, 83], "excluded_lines": [], "functions": {"APIKeyAdmin.save_model": {"executed_lines": [], "summary": {"covered_lines": 0, "num_statements": 4, "percent_covered": 0.0, "percent_covered_display": "0", "missing_lines": 4, "excluded_lines": 0}, "missing_lines": [80, 81, 82, 83], "excluded_lines": []}, "": {"executed_lines": [1, 4, 5, 6, 8, 11, 12, 13, 15, 25, 32, 33, 34, 35, 36, 39, 40, 41, 43, 44, 45, 46, 48, 57, 60, 61, 62, 64, 65, 66, 67, 69, 77, 79], "summary": {"covered_lines": 30, "num_statements": 30, "percent_covered": 100.0, "percent_covered_display": "100", "missing_lines": 0, "excluded_lines": 0}, "missing_lines": [], "excluded_lines": []}}, "classes": {"UserAdmin": {"executed_lines": [], "summary": {"covered_lines": 0, "num_statements": 0, "percent_covered": 100.0, "percent_covered_display": "100", "missing_lines": 0, "excluded_lines": 0}, "missing_lines": [], "excluded_lines": []}, "UserProfileAdmin": {"executed_lines": [], "summary": {"covered_lines": 0, "num_statements": 0, "percent_covered": 100.0, "percent_covered_display": "100", "missing_lines": 0, "excluded_lines": 0}, "missing_lines": [], "excluded_lines": []}, "APIKeyAdmin": {"executed_lines": [], "summary": {"covered_lines": 0, "num_statements": 4, "percent_covered": 0.0, "percent_covered_display": "0", "missing_lines": 4, "excluded_lines": 0}, "missing_lines": [80, 81, 82, 83], "excluded_lines": []}, "": {"executed_lines": [1, 4, 5, 6, 8, 11, 12, 13, 15, 25, 32, 33, 34, 35, 36, 39, 40, 41, 43, 44, 45, 46, 48, 57, 60, 61, 62, 64, 65, 66, 67, 69, 77, 79], "summary": {"covered_lines": 30, "num_statements": 30, "percent_covered": 100.0, "percent_covered_display": "100", "missing_lines": 0, "excluded_lines": 0}, "missing_lines": [], "excluded_lines": []}}}, "apps/authentication/apps.py": {"executed_lines": [1, 4, 7, 8, 10, 11, 12, 14, 17, 18, 19, 20], "summary": {"covered_lines": 10, "num_statements": 10, "percent_covered": 100.0, "percent_covered_display": "100", "missing_lines": 0, "excluded_lines": 0}, "missing_lines": [], "excluded_lines": [], "functions": {"AuthenticationConfig.ready": {"executed_lines": [17, 18, 19, 20], "summary": {"covered_lines": 4, "num_statements": 4, "percent_covered": 100.0, "percent_covered_display": "100", "missing_lines": 0, "excluded_lines": 0}, "missing_lines": [], "excluded_lines": []}, "": {"executed_lines": [1, 4, 7, 8, 10, 11, 12, 14], "summary": {"covered_lines": 6, "num_statements": 6, "percent_covered": 100.0, "percent_covered_display": "100", "missing_lines": 0, "excluded_lines": 0}, "missing_lines": [], "excluded_lines": []}}, "classes": {"AuthenticationConfig": {"executed_lines": [17, 18, 19, 20], "summary": {"covered_lines": 4, "num_statements": 4, "percent_covered": 100.0, "percent_covered_display": "100", "missing_lines": 0, "excluded_lines": 0}, "missing_lines": [], "excluded_lines": []}, "": {"executed_lines": [1, 4, 7, 8, 10, 11, 12, 14], "summary": {"covered_lines": 6, "num_statements": 6, "percent_covered": 100.0, "percent_covered_display": "100", "missing_lines": 0, "excluded_lines": 0}, "missing_lines": [], "excluded_lines": []}}}, "apps/authentication/backends.py": {"executed_lines": [], "summary": {"covered_lines": 0, "num_statements": 24, "percent_covered": 0.0, "percent_covered_display": "0", "missing_lines": 24, "excluded_lines": 0}, "missing_lines": [4, 5, 6, 7, 9, 12, 20, 31, 32, 34, 36, 42, 43, 46, 47, 48, 51, 53, 54, 56, 66, 67, 68, 69], "excluded_lines": [], "functions": {"APIKeyAuthentication.authenticate": {"executed_lines": [], "summary": {"covered_lines": 0, "num_statements": 12, "percent_covered": 0.0, "percent_covered_display": "0", "missing_lines": 12, "excluded_lines": 0}, "missing_lines": [31, 32, 34, 36, 42, 43, 46, 47, 48, 51, 53, 54], "excluded_lines": []}, "APIKeyAuthentication.get_user": {"executed_lines": [], "summary": {"covered_lines": 0, "num_statements": 4, "percent_covered": 0.0, "percent_covered_display": "0", "missing_lines": 4, "excluded_lines": 0}, "missing_lines": [66, 67, 68, 69], "excluded_lines": []}, "": {"executed_lines": [], "summary": {"covered_lines": 0, "num_statements": 8, "percent_covered": 0.0, "percent_covered_display": "0", "missing_lines": 8, "excluded_lines": 0}, "missing_lines": [4, 5, 6, 7, 9, 12, 20, 56], "excluded_lines": []}}, "classes": {"APIKeyAuthentication": {"executed_lines": [], "summary": {"covered_lines": 0, "num_statements": 16, "percent_covered": 0.0, "percent_covered_display": "0", "missing_lines": 16, "excluded_lines": 0}, "missing_lines": [31, 32, 34, 36, 42, 43, 46, 47, 48, 51, 53, 54, 66, 67, 68, 69], "excluded_lines": []}, "": {"executed_lines": [], "summary": {"covered_lines": 0, "num_statements": 8, "percent_covered": 0.0, "percent_covered_display": "0", "missing_lines": 8, "excluded_lines": 0}, "missing_lines": [4, 5, 6, 7, 9, 12, 20, 56], "excluded_lines": []}}}, "apps/authentication/drf_authentication.py": {"executed_lines": [], "summary": {"covered_lines": 0, "num_statements": 38, "percent_covered": 0.0, "percent_covered_display": "0", "missing_lines": 38, "excluded_lines": 0}, "missing_lines": [4, 5, 6, 7, 9, 12, 23, 25, 29, 31, 32, 34, 35, 36, 37, 38, 39, 41, 42, 43, 44, 45, 47, 49, 62, 63, 67, 68, 71, 72, 75, 76, 79, 80, 81, 83, 85, 91], "excluded_lines": [], "functions": {"APIKeyAuthentication.authenticate": {"executed_lines": [], "summary": {"covered_lines": 0, "num_statements": 15, "percent_covered": 0.0, "percent_covered_display": "0", "missing_lines": 15, "excluded_lines": 0}, "missing_lines": [29, 31, 32, 34, 35, 36, 37, 38, 39, 41, 42, 43, 44, 45, 47], "excluded_lines": []}, "APIKeyAuthentication.authenticate_credentials": {"executed_lines": [], "summary": {"covered_lines": 0, "num_statements": 12, "percent_covered": 0.0, "percent_covered_display": "0", "missing_lines": 12, "excluded_lines": 0}, "missing_lines": [62, 63, 67, 68, 71, 72, 75, 76, 79, 80, 81, 83], "excluded_lines": []}, "APIKeyAuthentication.authenticate_header": {"executed_lines": [], "summary": {"covered_lines": 0, "num_statements": 1, "percent_covered": 0.0, "percent_covered_display": "0", "missing_lines": 1, "excluded_lines": 0}, "missing_lines": [91], "excluded_lines": []}, "": {"executed_lines": [], "summary": {"covered_lines": 0, "num_statements": 10, "percent_covered": 0.0, "percent_covered_display": "0", "missing_lines": 10, "excluded_lines": 0}, "missing_lines": [4, 5, 6, 7, 9, 12, 23, 25, 49, 85], "excluded_lines": []}}, "classes": {"APIKeyAuthentication": {"executed_lines": [], "summary": {"covered_lines": 0, "num_statements": 28, "percent_covered": 0.0, "percent_covered_display": "0", "missing_lines": 28, "excluded_lines": 0}, "missing_lines": [29, 31, 32, 34, 35, 36, 37, 38, 39, 41, 42, 43, 44, 45, 47, 62, 63, 67, 68, 71, 72, 75, 76, 79, 80, 81, 83, 91], "excluded_lines": []}, "": {"executed_lines": [], "summary": {"covered_lines": 0, "num_statements": 10, "percent_covered": 0.0, "percent_covered_display": "0", "missing_lines": 10, "excluded_lines": 0}, "missing_lines": [4, 5, 6, 7, 9, 12, 23, 25, 49, 85], "excluded_lines": []}}}, "apps/authentication/migrations/0001_initial.py": {"executed_lines": [], "summary": {"covered_lines": 0, "num_statements": 11, "percent_covered": 0.0, "percent_covered_display": "0", "missing_lines": 11, "excluded_lines": 0}, "missing_lines": [3, 4, 5, 6, 7, 8, 9, 12, 13, 15, 19], "excluded_lines": [], "functions": {"": {"executed_lines": [], "summary": {"covered_lines": 0, "num_statements": 11, "percent_covered": 0.0, "percent_covered_display": "0", "missing_lines": 11, "excluded_lines": 0}, "missing_lines": [3, 4, 5, 6, 7, 8, 9, 12, 13, 15, 19], "excluded_lines": []}}, "classes": {"Migration": {"executed_lines": [], "summary": {"covered_lines": 0, "num_statements": 0, "percent_covered": 100.0, "percent_covered_display": "100", "missing_lines": 0, "excluded_lines": 0}, "missing_lines": [], "excluded_lines": []}, "": {"executed_lines": [], "summary": {"covered_lines": 0, "num_statements": 11, "percent_covered": 0.0, "percent_covered_display": "0", "missing_lines": 11, "excluded_lines": 0}, "missing_lines": [3, 4, 5, 6, 7, 8, 9, 12, 13, 15, 19], "excluded_lines": []}}}, "apps/authentication/migrations/__init__.py": {"executed_lines": [], "summary": {"covered_lines": 0, "num_statements": 0, "percent_covered": 100.0, "percent_covered_display": "100", "missing_lines": 0, "excluded_lines": 0}, "missing_lines": [], "excluded_lines": [], "functions": {"": {"executed_lines": [], "summary": {"covered_lines": 0, "num_statements": 0, "percent_covered": 100.0, "percent_covered_display": "100", "missing_lines": 0, "excluded_lines": 0}, "missing_lines": [], "excluded_lines": []}}, "classes": {"": {"executed_lines": [], "summary": {"covered_lines": 0, "num_statements": 0, "percent_covered": 100.0, "percent_covered_display": "100", "missing_lines": 0, "excluded_lines": 0}, "missing_lines": [], "excluded_lines": []}}}, "apps/authentication/models.py": {"executed_lines": [1, 4, 5, 6, 9, 10, 13, 14, 15, 18, 19, 22, 23, 26, 27, 29, 30, 32, 33, 34, 35, 37, 41, 42, 45, 48, 49, 50, 53, 54, 55, 58, 59, 61, 62, 64, 65, 66, 67, 69, 73, 74, 77, 78, 80, 81, 84, 85, 88, 89, 92, 94, 95, 97, 98, 99, 100, 101, 103, 106], "summary": {"covered_lines": 56, "num_statements": 63, "percent_covered": 88.88888888888889, "percent_covered_display": "89", "missing_lines": 7, "excluded_lines": 0}, "missing_lines": [38, 70, 104, 108, 109, 110, 111], "excluded_lines": [], "functions": {"User.__str__": {"executed_lines": [], "summary": {"covered_lines": 0, "num_statements": 1, "percent_covered": 0.0, "percent_covered_display": "0", "missing_lines": 1, "excluded_lines": 0}, "missing_lines": [38], "excluded_lines": []}, "UserProfile.__str__": {"executed_lines": [], "summary": {"covered_lines": 0, "num_statements": 1, "percent_covered": 0.0, "percent_covered_display": "0", "missing_lines": 1, "excluded_lines": 0}, "missing_lines": [70], "excluded_lines": []}, "APIKey.__str__": {"executed_lines": [], "summary": {"covered_lines": 0, "num_statements": 1, "percent_covered": 0.0, "percent_covered_display": "0", "missing_lines": 1, "excluded_lines": 0}, "missing_lines": [104], "excluded_lines": []}, "APIKey.increment_usage": {"executed_lines": [], "summary": {"covered_lines": 0, "num_statements": 4, "percent_covered": 0.0, "percent_covered_display": "0", "missing_lines": 4, "excluded_lines": 0}, "missing_lines": [108, 109, 110, 111], "excluded_lines": []}, "": {"executed_lines": [1, 4, 5, 6, 9, 10, 13, 14, 15, 18, 19, 22, 23, 26, 27, 29, 30, 32, 33, 34, 35, 37, 41, 42, 45, 48, 49, 50, 53, 54, 55, 58, 59, 61, 62, 64, 65, 66, 67, 69, 73, 74, 77, 78, 80, 81, 84, 85, 88, 89, 92, 94, 95, 97, 98, 99, 100, 101, 103, 106], "summary": {"covered_lines": 56, "num_statements": 56, "percent_covered": 100.0, "percent_covered_display": "100", "missing_lines": 0, "excluded_lines": 0}, "missing_lines": [], "excluded_lines": []}}, "classes": {"User": {"executed_lines": [], "summary": {"covered_lines": 0, "num_statements": 1, "percent_covered": 0.0, "percent_covered_display": "0", "missing_lines": 1, "excluded_lines": 0}, "missing_lines": [38], "excluded_lines": []}, "User.Meta": {"executed_lines": [], "summary": {"covered_lines": 0, "num_statements": 0, "percent_covered": 100.0, "percent_covered_display": "100", "missing_lines": 0, "excluded_lines": 0}, "missing_lines": [], "excluded_lines": []}, "UserProfile": {"executed_lines": [], "summary": {"covered_lines": 0, "num_statements": 1, "percent_covered": 0.0, "percent_covered_display": "0", "missing_lines": 1, "excluded_lines": 0}, "missing_lines": [70], "excluded_lines": []}, "UserProfile.Meta": {"executed_lines": [], "summary": {"covered_lines": 0, "num_statements": 0, "percent_covered": 100.0, "percent_covered_display": "100", "missing_lines": 0, "excluded_lines": 0}, "missing_lines": [], "excluded_lines": []}, "APIKey": {"executed_lines": [], "summary": {"covered_lines": 0, "num_statements": 5, "percent_covered": 0.0, "percent_covered_display": "0", "missing_lines": 5, "excluded_lines": 0}, "missing_lines": [104, 108, 109, 110, 111], "excluded_lines": []}, "APIKey.Meta": {"executed_lines": [], "summary": {"covered_lines": 0, "num_statements": 0, "percent_covered": 100.0, "percent_covered_display": "100", "missing_lines": 0, "excluded_lines": 0}, "missing_lines": [], "excluded_lines": []}, "": {"executed_lines": [1, 4, 5, 6, 9, 10, 13, 14, 15, 18, 19, 22, 23, 26, 27, 29, 30, 32, 33, 34, 35, 37, 41, 42, 45, 48, 49, 50, 53, 54, 55, 58, 59, 61, 62, 64, 65, 66, 67, 69, 73, 74, 77, 78, 80, 81, 84, 85, 88, 89, 92, 94, 95, 97, 98, 99, 100, 101, 103, 106], "summary": {"covered_lines": 56, "num_statements": 56, "percent_covered": 100.0, "percent_covered_display": "100", "missing_lines": 0, "excluded_lines": 0}, "missing_lines": [], "excluded_lines": []}}}, "apps/authentication/serializers.py": {"executed_lines": [], "summary": {"covered_lines": 0, "num_statements": 97, "percent_covered": 0.0, "percent_covered_display": "0", "missing_lines": 97, "excluded_lines": 0}, "missing_lines": [4, 5, 6, 7, 8, 11, 14, 15, 16, 21, 24, 27, 28, 29, 34, 37, 39, 40, 42, 43, 44, 49, 50, 51, 52, 54, 55, 56, 59, 61, 64, 66, 68, 69, 70, 74, 76, 77, 80, 81, 82, 85, 86, 87, 88, 89, 91, 94, 96, 97, 98, 100, 101, 102, 103, 104, 106, 107, 108, 109, 111, 112, 113, 114, 115, 118, 121, 122, 123, 126, 127, 128, 129, 131, 133, 134, 137, 139, 142, 145, 146, 147, 152, 154, 155, 156, 157, 158, 161, 164, 165, 166, 168, 169, 170, 171, 172], "excluded_lines": [], "functions": {"UserRegistrationSerializer.validate": {"executed_lines": [], "summary": {"covered_lines": 0, "num_statements": 3, "percent_covered": 0.0, "percent_covered_display": "0", "missing_lines": 3, "excluded_lines": 0}, "missing_lines": [50, 51, 52], "excluded_lines": []}, "UserRegistrationSerializer.create": {"executed_lines": [], "summary": {"covered_lines": 0, "num_statements": 4, "percent_covered": 0.0, "percent_covered_display": "0", "missing_lines": 4, "excluded_lines": 0}, "missing_lines": [55, 56, 59, 61], "excluded_lines": []}, "UserUpdateSerializer.update": {"executed_lines": [], "summary": {"covered_lines": 0, "num_statements": 10, "percent_covered": 0.0, "percent_covered_display": "0", "missing_lines": 10, "excluded_lines": 0}, "missing_lines": [77, 80, 81, 82, 85, 86, 87, 88, 89, 91], "excluded_lines": []}, "PasswordChangeSerializer.validate_old_password": {"executed_lines": [], "summary": {"covered_lines": 0, "num_statements": 4, "percent_covered": 0.0, "percent_covered_display": "0", "missing_lines": 4, "excluded_lines": 0}, "missing_lines": [101, 102, 103, 104], "excluded_lines": []}, "PasswordChangeSerializer.validate": {"executed_lines": [], "summary": {"covered_lines": 0, "num_statements": 3, "percent_covered": 0.0, "percent_covered_display": "0", "missing_lines": 3, "excluded_lines": 0}, "missing_lines": [107, 108, 109], "excluded_lines": []}, "PasswordChangeSerializer.save": {"executed_lines": [], "summary": {"covered_lines": 0, "num_statements": 4, "percent_covered": 0.0, "percent_covered_display": "0", "missing_lines": 4, "excluded_lines": 0}, "missing_lines": [112, 113, 114, 115], "excluded_lines": []}, "CustomTokenObtainPairSerializer.get_token": {"executed_lines": [], "summary": {"covered_lines": 0, "num_statements": 6, "percent_covered": 0.0, "percent_covered_display": "0", "missing_lines": 6, "excluded_lines": 0}, "missing_lines": [123, 126, 127, 128, 129, 131], "excluded_lines": []}, "CustomTokenObtainPairSerializer.validate": {"executed_lines": [], "summary": {"covered_lines": 0, "num_statements": 3, "percent_covered": 0.0, "percent_covered_display": "0", "missing_lines": 3, "excluded_lines": 0}, "missing_lines": [134, 137, 139], "excluded_lines": []}, "APIKeySerializer.create": {"executed_lines": [], "summary": {"covered_lines": 0, "num_statements": 4, "percent_covered": 0.0, "percent_covered_display": "0", "missing_lines": 4, "excluded_lines": 0}, "missing_lines": [155, 156, 157, 158], "excluded_lines": []}, "APIKeyCreateSerializer.create": {"executed_lines": [], "summary": {"covered_lines": 0, "num_statements": 4, "percent_covered": 0.0, "percent_covered_display": "0", "missing_lines": 4, "excluded_lines": 0}, "missing_lines": [169, 170, 171, 172], "excluded_lines": []}, "": {"executed_lines": [], "summary": {"covered_lines": 0, "num_statements": 52, "percent_covered": 0.0, "percent_covered_display": "0", "missing_lines": 52, "excluded_lines": 0}, "missing_lines": [4, 5, 6, 7, 8, 11, 14, 15, 16, 21, 24, 27, 28, 29, 34, 37, 39, 40, 42, 43, 44, 49, 54, 64, 66, 68, 69, 70, 74, 76, 94, 96, 97, 98, 100, 106, 111, 118, 121, 122, 133, 142, 145, 146, 147, 152, 154, 161, 164, 165, 166, 168], "excluded_lines": []}}, "classes": {"UserSerializer": {"executed_lines": [], "summary": {"covered_lines": 0, "num_statements": 0, "percent_covered": 100.0, "percent_covered_display": "100", "missing_lines": 0, "excluded_lines": 0}, "missing_lines": [], "excluded_lines": []}, "UserSerializer.Meta": {"executed_lines": [], "summary": {"covered_lines": 0, "num_statements": 0, "percent_covered": 100.0, "percent_covered_display": "100", "missing_lines": 0, "excluded_lines": 0}, "missing_lines": [], "excluded_lines": []}, "UserProfileSerializer": {"executed_lines": [], "summary": {"covered_lines": 0, "num_statements": 0, "percent_covered": 100.0, "percent_covered_display": "100", "missing_lines": 0, "excluded_lines": 0}, "missing_lines": [], "excluded_lines": []}, "UserProfileSerializer.Meta": {"executed_lines": [], "summary": {"covered_lines": 0, "num_statements": 0, "percent_covered": 100.0, "percent_covered_display": "100", "missing_lines": 0, "excluded_lines": 0}, "missing_lines": [], "excluded_lines": []}, "UserRegistrationSerializer": {"executed_lines": [], "summary": {"covered_lines": 0, "num_statements": 7, "percent_covered": 0.0, "percent_covered_display": "0", "missing_lines": 7, "excluded_lines": 0}, "missing_lines": [50, 51, 52, 55, 56, 59, 61], "excluded_lines": []}, "UserRegistrationSerializer.Meta": {"executed_lines": [], "summary": {"covered_lines": 0, "num_statements": 0, "percent_covered": 100.0, "percent_covered_display": "100", "missing_lines": 0, "excluded_lines": 0}, "missing_lines": [], "excluded_lines": []}, "UserUpdateSerializer": {"executed_lines": [], "summary": {"covered_lines": 0, "num_statements": 10, "percent_covered": 0.0, "percent_covered_display": "0", "missing_lines": 10, "excluded_lines": 0}, "missing_lines": [77, 80, 81, 82, 85, 86, 87, 88, 89, 91], "excluded_lines": []}, "UserUpdateSerializer.Meta": {"executed_lines": [], "summary": {"covered_lines": 0, "num_statements": 0, "percent_covered": 100.0, "percent_covered_display": "100", "missing_lines": 0, "excluded_lines": 0}, "missing_lines": [], "excluded_lines": []}, "PasswordChangeSerializer": {"executed_lines": [], "summary": {"covered_lines": 0, "num_statements": 11, "percent_covered": 0.0, "percent_covered_display": "0", "missing_lines": 11, "excluded_lines": 0}, "missing_lines": [101, 102, 103, 104, 107, 108, 109, 112, 113, 114, 115], "excluded_lines": []}, "CustomTokenObtainPairSerializer": {"executed_lines": [], "summary": {"covered_lines": 0, "num_statements": 9, "percent_covered": 0.0, "percent_covered_display": "0", "missing_lines": 9, "excluded_lines": 0}, "missing_lines": [123, 126, 127, 128, 129, 131, 134, 137, 139], "excluded_lines": []}, "APIKeySerializer": {"executed_lines": [], "summary": {"covered_lines": 0, "num_statements": 4, "percent_covered": 0.0, "percent_covered_display": "0", "missing_lines": 4, "excluded_lines": 0}, "missing_lines": [155, 156, 157, 158], "excluded_lines": []}, "APIKeySerializer.Meta": {"executed_lines": [], "summary": {"covered_lines": 0, "num_statements": 0, "percent_covered": 100.0, "percent_covered_display": "100", "missing_lines": 0, "excluded_lines": 0}, "missing_lines": [], "excluded_lines": []}, "APIKeyCreateSerializer": {"executed_lines": [], "summary": {"covered_lines": 0, "num_statements": 4, "percent_covered": 0.0, "percent_covered_display": "0", "missing_lines": 4, "excluded_lines": 0}, "missing_lines": [169, 170, 171, 172], "excluded_lines": []}, "APIKeyCreateSerializer.Meta": {"executed_lines": [], "summary": {"covered_lines": 0, "num_statements": 0, "percent_covered": 100.0, "percent_covered_display": "100", "missing_lines": 0, "excluded_lines": 0}, "missing_lines": [], "excluded_lines": []}, "": {"executed_lines": [], "summary": {"covered_lines": 0, "num_statements": 52, "percent_covered": 0.0, "percent_covered_display": "0", "missing_lines": 52, "excluded_lines": 0}, "missing_lines": [4, 5, 6, 7, 8, 11, 14, 15, 16, 21, 24, 27, 28, 29, 34, 37, 39, 40, 42, 43, 44, 49, 54, 64, 66, 68, 69, 70, 74, 76, 94, 96, 97, 98, 100, 106, 111, 118, 121, 122, 133, 142, 145, 146, 147, 152, 154, 161, 164, 165, 166, 168], "excluded_lines": []}}}, "apps/authentication/urls.py": {"executed_lines": [], "summary": {"covered_lines": 0, "num_statements": 19, "percent_covered": 0.0, "percent_covered_display": "0", "missing_lines": 19, "excluded_lines": 0}, "missing_lines": [4, 5, 10, 11, 13, 19, 22, 23, 66, 67, 70, 71, 111, 112, 115, 116, 153, 154, 157], "excluded_lines": [], "functions": {"DocumentedTokenObtainPairView.post": {"executed_lines": [], "summary": {"covered_lines": 0, "num_statements": 1, "percent_covered": 0.0, "percent_covered_display": "0", "missing_lines": 1, "excluded_lines": 0}, "missing_lines": [67], "excluded_lines": []}, "DocumentedTokenRefreshView.post": {"executed_lines": [], "summary": {"covered_lines": 0, "num_statements": 1, "percent_covered": 0.0, "percent_covered_display": "0", "missing_lines": 1, "excluded_lines": 0}, "missing_lines": [112], "excluded_lines": []}, "DocumentedTokenVerifyView.post": {"executed_lines": [], "summary": {"covered_lines": 0, "num_statements": 1, "percent_covered": 0.0, "percent_covered_display": "0", "missing_lines": 1, "excluded_lines": 0}, "missing_lines": [154], "excluded_lines": []}, "": {"executed_lines": [], "summary": {"covered_lines": 0, "num_statements": 16, "percent_covered": 0.0, "percent_covered_display": "0", "missing_lines": 16, "excluded_lines": 0}, "missing_lines": [4, 5, 10, 11, 13, 19, 22, 23, 66, 70, 71, 111, 115, 116, 153, 157], "excluded_lines": []}}, "classes": {"DocumentedTokenObtainPairView": {"executed_lines": [], "summary": {"covered_lines": 0, "num_statements": 1, "percent_covered": 0.0, "percent_covered_display": "0", "missing_lines": 1, "excluded_lines": 0}, "missing_lines": [67], "excluded_lines": []}, "DocumentedTokenRefreshView": {"executed_lines": [], "summary": {"covered_lines": 0, "num_statements": 1, "percent_covered": 0.0, "percent_covered_display": "0", "missing_lines": 1, "excluded_lines": 0}, "missing_lines": [112], "excluded_lines": []}, "DocumentedTokenVerifyView": {"executed_lines": [], "summary": {"covered_lines": 0, "num_statements": 1, "percent_covered": 0.0, "percent_covered_display": "0", "missing_lines": 1, "excluded_lines": 0}, "missing_lines": [154], "excluded_lines": []}, "": {"executed_lines": [], "summary": {"covered_lines": 0, "num_statements": 16, "percent_covered": 0.0, "percent_covered_display": "0", "missing_lines": 16, "excluded_lines": 0}, "missing_lines": [4, 5, 10, 11, 13, 19, 22, 23, 66, 70, 71, 111, 115, 116, 153, 157], "excluded_lines": []}}}, "apps/authentication/views.py": {"executed_lines": [], "summary": {"covered_lines": 0, "num_statements": 104, "percent_covered": 0.0, "percent_covered_display": "0", "missing_lines": 104, "excluded_lines": 0}, "missing_lines": [4, 5, 6, 7, 8, 9, 10, 12, 13, 20, 22, 25, 27, 28, 29, 31, 39, 40, 43, 45, 46, 48, 49, 51, 55, 56, 58, 62, 63, 65, 69, 70, 73, 75, 76, 78, 86, 87, 88, 89, 91, 96, 104, 105, 106, 108, 109, 110, 111, 112, 114, 116, 120, 121, 126, 128, 130, 131, 133, 134, 135, 136, 138, 142, 143, 145, 149, 150, 153, 155, 156, 158, 159, 161, 165, 166, 168, 172, 173, 175, 179, 180, 182, 186, 187, 190, 198, 199, 200, 202, 203, 206, 210, 211, 212, 214, 215, 216, 217, 221, 222, 224, 229, 230], "excluded_lines": [], "functions": {"UserRegistrationView.post": {"executed_lines": [], "summary": {"covered_lines": 0, "num_statements": 1, "percent_covered": 0.0, "percent_covered_display": "0", "missing_lines": 1, "excluded_lines": 0}, "missing_lines": [40], "excluded_lines": []}, "UserProfileView.get_object": {"executed_lines": [], "summary": {"covered_lines": 0, "num_statements": 1, "percent_covered": 0.0, "percent_covered_display": "0", "missing_lines": 1, "excluded_lines": 0}, "missing_lines": [49], "excluded_lines": []}, "UserProfileView.get": {"executed_lines": [], "summary": {"covered_lines": 0, "num_statements": 1, "percent_covered": 0.0, "percent_covered_display": "0", "missing_lines": 1, "excluded_lines": 0}, "missing_lines": [56], "excluded_lines": []}, "UserProfileView.put": {"executed_lines": [], "summary": {"covered_lines": 0, "num_statements": 1, "percent_covered": 0.0, "percent_covered_display": "0", "missing_lines": 1, "excluded_lines": 0}, "missing_lines": [63], "excluded_lines": []}, "UserProfileView.patch": {"executed_lines": [], "summary": {"covered_lines": 0, "num_statements": 1, "percent_covered": 0.0, "percent_covered_display": "0", "missing_lines": 1, "excluded_lines": 0}, "missing_lines": [70], "excluded_lines": []}, "PasswordChangeView.post": {"executed_lines": [], "summary": {"covered_lines": 0, "num_statements": 4, "percent_covered": 0.0, "percent_covered_display": "0", "missing_lines": 4, "excluded_lines": 0}, "missing_lines": [87, 88, 89, 91], "excluded_lines": []}, "logout_view": {"executed_lines": [], "summary": {"covered_lines": 0, "num_statements": 9, "percent_covered": 0.0, "percent_covered_display": "0", "missing_lines": 9, "excluded_lines": 0}, "missing_lines": [108, 109, 110, 111, 112, 114, 116, 120, 121], "excluded_lines": []}, "APIKeyListCreateView.get_queryset": {"executed_lines": [], "summary": {"covered_lines": 0, "num_statements": 1, "percent_covered": 0.0, "percent_covered_display": "0", "missing_lines": 1, "excluded_lines": 0}, "missing_lines": [131], "excluded_lines": []}, "APIKeyListCreateView.get_serializer_class": {"executed_lines": [], "summary": {"covered_lines": 0, "num_statements": 3, "percent_covered": 0.0, "percent_covered_display": "0", "missing_lines": 3, "excluded_lines": 0}, "missing_lines": [134, 135, 136], "excluded_lines": []}, "APIKeyListCreateView.get": {"executed_lines": [], "summary": {"covered_lines": 0, "num_statements": 1, "percent_covered": 0.0, "percent_covered_display": "0", "missing_lines": 1, "excluded_lines": 0}, "missing_lines": [143], "excluded_lines": []}, "APIKeyListCreateView.post": {"executed_lines": [], "summary": {"covered_lines": 0, "num_statements": 1, "percent_covered": 0.0, "percent_covered_display": "0", "missing_lines": 1, "excluded_lines": 0}, "missing_lines": [150], "excluded_lines": []}, "APIKeyDetailView.get_queryset": {"executed_lines": [], "summary": {"covered_lines": 0, "num_statements": 1, "percent_covered": 0.0, "percent_covered_display": "0", "missing_lines": 1, "excluded_lines": 0}, "missing_lines": [159], "excluded_lines": []}, "APIKeyDetailView.get": {"executed_lines": [], "summary": {"covered_lines": 0, "num_statements": 1, "percent_covered": 0.0, "percent_covered_display": "0", "missing_lines": 1, "excluded_lines": 0}, "missing_lines": [166], "excluded_lines": []}, "APIKeyDetailView.put": {"executed_lines": [], "summary": {"covered_lines": 0, "num_statements": 1, "percent_covered": 0.0, "percent_covered_display": "0", "missing_lines": 1, "excluded_lines": 0}, "missing_lines": [173], "excluded_lines": []}, "APIKeyDetailView.patch": {"executed_lines": [], "summary": {"covered_lines": 0, "num_statements": 1, "percent_covered": 0.0, "percent_covered_display": "0", "missing_lines": 1, "excluded_lines": 0}, "missing_lines": [180], "excluded_lines": []}, "APIKeyDetailView.delete": {"executed_lines": [], "summary": {"covered_lines": 0, "num_statements": 1, "percent_covered": 0.0, "percent_covered_display": "0", "missing_lines": 1, "excluded_lines": 0}, "missing_lines": [187], "excluded_lines": []}, "current_user_view": {"executed_lines": [], "summary": {"covered_lines": 0, "num_statements": 2, "percent_covered": 0.0, "percent_covered_display": "0", "missing_lines": 2, "excluded_lines": 0}, "missing_lines": [202, 203], "excluded_lines": []}, "refresh_token_view": {"executed_lines": [], "summary": {"covered_lines": 0, "num_statements": 9, "percent_covered": 0.0, "percent_covered_display": "0", "missing_lines": 9, "excluded_lines": 0}, "missing_lines": [214, 215, 216, 217, 221, 222, 224, 229, 230], "excluded_lines": []}, "": {"executed_lines": [], "summary": {"covered_lines": 0, "num_statements": 64, "percent_covered": 0.0, "percent_covered_display": "0", "missing_lines": 64, "excluded_lines": 0}, "missing_lines": [4, 5, 6, 7, 8, 9, 10, 12, 13, 20, 22, 25, 27, 28, 29, 31, 39, 43, 45, 46, 48, 51, 55, 58, 62, 65, 69, 73, 75, 76, 78, 86, 96, 104, 105, 106, 126, 128, 130, 133, 138, 142, 145, 149, 153, 155, 156, 158, 161, 165, 168, 172, 175, 179, 182, 186, 190, 198, 199, 200, 206, 210, 211, 212], "excluded_lines": []}}, "classes": {"CustomTokenObtainPairView": {"executed_lines": [], "summary": {"covered_lines": 0, "num_statements": 0, "percent_covered": 100.0, "percent_covered_display": "100", "missing_lines": 0, "excluded_lines": 0}, "missing_lines": [], "excluded_lines": []}, "UserRegistrationView": {"executed_lines": [], "summary": {"covered_lines": 0, "num_statements": 1, "percent_covered": 0.0, "percent_covered_display": "0", "missing_lines": 1, "excluded_lines": 0}, "missing_lines": [40], "excluded_lines": []}, "UserProfileView": {"executed_lines": [], "summary": {"covered_lines": 0, "num_statements": 4, "percent_covered": 0.0, "percent_covered_display": "0", "missing_lines": 4, "excluded_lines": 0}, "missing_lines": [49, 56, 63, 70], "excluded_lines": []}, "PasswordChangeView": {"executed_lines": [], "summary": {"covered_lines": 0, "num_statements": 4, "percent_covered": 0.0, "percent_covered_display": "0", "missing_lines": 4, "excluded_lines": 0}, "missing_lines": [87, 88, 89, 91], "excluded_lines": []}, "APIKeyListCreateView": {"executed_lines": [], "summary": {"covered_lines": 0, "num_statements": 6, "percent_covered": 0.0, "percent_covered_display": "0", "missing_lines": 6, "excluded_lines": 0}, "missing_lines": [131, 134, 135, 136, 143, 150], "excluded_lines": []}, "APIKeyDetailView": {"executed_lines": [], "summary": {"covered_lines": 0, "num_statements": 5, "percent_covered": 0.0, "percent_covered_display": "0", "missing_lines": 5, "excluded_lines": 0}, "missing_lines": [159, 166, 173, 180, 187], "excluded_lines": []}, "": {"executed_lines": [], "summary": {"covered_lines": 0, "num_statements": 84, "percent_covered": 0.0, "percent_covered_display": "0", "missing_lines": 84, "excluded_lines": 0}, "missing_lines": [4, 5, 6, 7, 8, 9, 10, 12, 13, 20, 22, 25, 27, 28, 29, 31, 39, 43, 45, 46, 48, 51, 55, 58, 62, 65, 69, 73, 75, 76, 78, 86, 96, 104, 105, 106, 108, 109, 110, 111, 112, 114, 116, 120, 121, 126, 128, 130, 133, 138, 142, 145, 149, 153, 155, 156, 158, 161, 165, 168, 172, 175, 179, 182, 186, 190, 198, 199, 200, 202, 203, 206, 210, 211, 212, 214, 215, 216, 217, 221, 222, 224, 229, 230], "excluded_lines": []}}}, "apps/classification/__init__.py": {"executed_lines": [0], "summary": {"covered_lines": 0, "num_statements": 0, "percent_covered": 100.0, "percent_covered_display": "100", "missing_lines": 0, "excluded_lines": 0}, "missing_lines": [], "excluded_lines": [], "functions": {"": {"executed_lines": [], "summary": {"covered_lines": 0, "num_statements": 0, "percent_covered": 100.0, "percent_covered_display": "100", "missing_lines": 0, "excluded_lines": 0}, "missing_lines": [], "excluded_lines": []}}, "classes": {"": {"executed_lines": [], "summary": {"covered_lines": 0, "num_statements": 0, "percent_covered": 100.0, "percent_covered_display": "100", "missing_lines": 0, "excluded_lines": 0}, "missing_lines": [], "excluded_lines": []}}}, "apps/classification/admin.py": {"executed_lines": [1, 4, 5, 6, 7, 8, 14, 15, 16, 17, 22, 23, 24, 29, 52, 65, 67, 69, 73, 75, 79, 81, 89, 92, 93, 94, 95, 99, 100, 101, 108, 140, 156, 158, 160, 164, 166, 170, 173, 174, 175, 176, 181, 182, 183, 190, 216, 220, 222, 235, 237, 244, 248, 252, 254, 261, 263, 267, 270, 271, 272, 273, 278, 279, 280, 282, 301, 305, 307, 313, 315, 319, 321, 325, 327, 331, 334, 335, 336, 337, 341, 342, 343, 345, 358, 360, 364], "summary": {"covered_lines": 81, "num_statements": 144, "percent_covered": 56.25, "percent_covered_display": "56", "missing_lines": 63, "excluded_lines": 0}, "missing_lines": [54, 55, 56, 57, 58, 60, 61, 71, 72, 77, 78, 83, 88, 142, 143, 145, 146, 147, 148, 149, 151, 152, 162, 163, 168, 169, 218, 219, 224, 225, 226, 227, 228, 230, 231, 239, 246, 250, 256, 257, 258, 259, 260, 265, 266, 303, 304, 309, 317, 318, 323, 324, 329, 330, 347, 348, 349, 350, 351, 353, 354, 362, 366], "excluded_lines": [], "functions": {"ClassificationRuleAdmin.success_rate_display": {"executed_lines": [], "summary": {"covered_lines": 0, "num_statements": 7, "percent_covered": 0.0, "percent_covered_display": "0", "missing_lines": 7, "excluded_lines": 0}, "missing_lines": [54, 55, 56, 57, 58, 60, 61], "excluded_lines": []}, "ClassificationRuleAdmin.activate_rules": {"executed_lines": [], "summary": {"covered_lines": 0, "num_statements": 2, "percent_covered": 0.0, "percent_covered_display": "0", "missing_lines": 2, "excluded_lines": 0}, "missing_lines": [71, 72], "excluded_lines": []}, "ClassificationRuleAdmin.deactivate_rules": {"executed_lines": [], "summary": {"covered_lines": 0, "num_statements": 2, "percent_covered": 0.0, "percent_covered_display": "0", "missing_lines": 2, "excluded_lines": 0}, "missing_lines": [77, 78], "excluded_lines": []}, "ClassificationRuleAdmin.reset_statistics": {"executed_lines": [], "summary": {"covered_lines": 0, "num_statements": 2, "percent_covered": 0.0, "percent_covered_display": "0", "missing_lines": 2, "excluded_lines": 0}, "missing_lines": [83, 88], "excluded_lines": []}, "ClassificationModelAdmin.training_accuracy_display": {"executed_lines": [], "summary": {"covered_lines": 0, "num_statements": 9, "percent_covered": 0.0, "percent_covered_display": "0", "missing_lines": 9, "excluded_lines": 0}, "missing_lines": [142, 143, 145, 146, 147, 148, 149, 151, 152], "excluded_lines": []}, "ClassificationModelAdmin.activate_models": {"executed_lines": [], "summary": {"covered_lines": 0, "num_statements": 2, "percent_covered": 0.0, "percent_covered_display": "0", "missing_lines": 2, "excluded_lines": 0}, "missing_lines": [162, 163], "excluded_lines": []}, "ClassificationModelAdmin.deactivate_models": {"executed_lines": [], "summary": {"covered_lines": 0, "num_statements": 2, "percent_covered": 0.0, "percent_covered_display": "0", "missing_lines": 2, "excluded_lines": 0}, "missing_lines": [168, 169], "excluded_lines": []}, "ClassificationResultAdmin.news_title_short": {"executed_lines": [], "summary": {"covered_lines": 0, "num_statements": 2, "percent_covered": 0.0, "percent_covered_display": "0", "missing_lines": 2, "excluded_lines": 0}, "missing_lines": [218, 219], "excluded_lines": []}, "ClassificationResultAdmin.category_confidence_display": {"executed_lines": [], "summary": {"covered_lines": 0, "num_statements": 7, "percent_covered": 0.0, "percent_covered_display": "0", "missing_lines": 7, "excluded_lines": 0}, "missing_lines": [224, 225, 226, 227, 228, 230, 231], "excluded_lines": []}, "ClassificationResultAdmin.get_queryset": {"executed_lines": [], "summary": {"covered_lines": 0, "num_statements": 1, "percent_covered": 0.0, "percent_covered_display": "0", "missing_lines": 1, "excluded_lines": 0}, "missing_lines": [239], "excluded_lines": []}, "ClassificationResultAdmin.has_add_permission": {"executed_lines": [], "summary": {"covered_lines": 0, "num_statements": 1, "percent_covered": 0.0, "percent_covered_display": "0", "missing_lines": 1, "excluded_lines": 0}, "missing_lines": [246], "excluded_lines": []}, "ClassificationResultAdmin.has_change_permission": {"executed_lines": [], "summary": {"covered_lines": 0, "num_statements": 1, "percent_covered": 0.0, "percent_covered_display": "0", "missing_lines": 1, "excluded_lines": 0}, "missing_lines": [250], "excluded_lines": []}, "ClassificationResultAdmin.accept_classifications": {"executed_lines": [], "summary": {"covered_lines": 0, "num_statements": 5, "percent_covered": 0.0, "percent_covered_display": "0", "missing_lines": 5, "excluded_lines": 0}, "missing_lines": [256, 257, 258, 259, 260], "excluded_lines": []}, "ClassificationResultAdmin.reject_classifications": {"executed_lines": [], "summary": {"covered_lines": 0, "num_statements": 2, "percent_covered": 0.0, "percent_covered_display": "0", "missing_lines": 2, "excluded_lines": 0}, "missing_lines": [265, 266], "excluded_lines": []}, "ClassificationTrainingDataAdmin.news_title_short": {"executed_lines": [], "summary": {"covered_lines": 0, "num_statements": 2, "percent_covered": 0.0, "percent_covered_display": "0", "missing_lines": 2, "excluded_lines": 0}, "missing_lines": [303, 304], "excluded_lines": []}, "ClassificationTrainingDataAdmin.get_queryset": {"executed_lines": [], "summary": {"covered_lines": 0, "num_statements": 1, "percent_covered": 0.0, "percent_covered_display": "0", "missing_lines": 1, "excluded_lines": 0}, "missing_lines": [309], "excluded_lines": []}, "ClassificationTrainingDataAdmin.validate_data": {"executed_lines": [], "summary": {"covered_lines": 0, "num_statements": 2, "percent_covered": 0.0, "percent_covered_display": "0", "missing_lines": 2, "excluded_lines": 0}, "missing_lines": [317, 318], "excluded_lines": []}, "ClassificationTrainingDataAdmin.mark_for_training": {"executed_lines": [], "summary": {"covered_lines": 0, "num_statements": 2, "percent_covered": 0.0, "percent_covered_display": "0", "missing_lines": 2, "excluded_lines": 0}, "missing_lines": [323, 324], "excluded_lines": []}, "ClassificationTrainingDataAdmin.remove_from_training": {"executed_lines": [], "summary": {"covered_lines": 0, "num_statements": 2, "percent_covered": 0.0, "percent_covered_display": "0", "missing_lines": 2, "excluded_lines": 0}, "missing_lines": [329, 330], "excluded_lines": []}, "ClassificationStatisticAdmin.success_rate_display": {"executed_lines": [], "summary": {"covered_lines": 0, "num_statements": 7, "percent_covered": 0.0, "percent_covered_display": "0", "missing_lines": 7, "excluded_lines": 0}, "missing_lines": [347, 348, 349, 350, 351, 353, 354], "excluded_lines": []}, "ClassificationStatisticAdmin.has_add_permission": {"executed_lines": [], "summary": {"covered_lines": 0, "num_statements": 1, "percent_covered": 0.0, "percent_covered_display": "0", "missing_lines": 1, "excluded_lines": 0}, "missing_lines": [362], "excluded_lines": []}, "ClassificationStatisticAdmin.has_change_permission": {"executed_lines": [], "summary": {"covered_lines": 0, "num_statements": 1, "percent_covered": 0.0, "percent_covered_display": "0", "missing_lines": 1, "excluded_lines": 0}, "missing_lines": [366], "excluded_lines": []}, "": {"executed_lines": [1, 4, 5, 6, 7, 8, 14, 15, 16, 17, 22, 23, 24, 29, 52, 65, 67, 69, 73, 75, 79, 81, 89, 92, 93, 94, 95, 99, 100, 101, 108, 140, 156, 158, 160, 164, 166, 170, 173, 174, 175, 176, 181, 182, 183, 190, 216, 220, 222, 235, 237, 244, 248, 252, 254, 261, 263, 267, 270, 271, 272, 273, 278, 279, 280, 282, 301, 305, 307, 313, 315, 319, 321, 325, 327, 331, 334, 335, 336, 337, 341, 342, 343, 345, 358, 360, 364], "summary": {"covered_lines": 81, "num_statements": 81, "percent_covered": 100.0, "percent_covered_display": "100", "missing_lines": 0, "excluded_lines": 0}, "missing_lines": [], "excluded_lines": []}}, "classes": {"ClassificationRuleAdmin": {"executed_lines": [], "summary": {"covered_lines": 0, "num_statements": 13, "percent_covered": 0.0, "percent_covered_display": "0", "missing_lines": 13, "excluded_lines": 0}, "missing_lines": [54, 55, 56, 57, 58, 60, 61, 71, 72, 77, 78, 83, 88], "excluded_lines": []}, "ClassificationModelAdmin": {"executed_lines": [], "summary": {"covered_lines": 0, "num_statements": 13, "percent_covered": 0.0, "percent_covered_display": "0", "missing_lines": 13, "excluded_lines": 0}, "missing_lines": [142, 143, 145, 146, 147, 148, 149, 151, 152, 162, 163, 168, 169], "excluded_lines": []}, "ClassificationResultAdmin": {"executed_lines": [], "summary": {"covered_lines": 0, "num_statements": 19, "percent_covered": 0.0, "percent_covered_display": "0", "missing_lines": 19, "excluded_lines": 0}, "missing_lines": [218, 219, 224, 225, 226, 227, 228, 230, 231, 239, 246, 250, 256, 257, 258, 259, 260, 265, 266], "excluded_lines": []}, "ClassificationTrainingDataAdmin": {"executed_lines": [], "summary": {"covered_lines": 0, "num_statements": 9, "percent_covered": 0.0, "percent_covered_display": "0", "missing_lines": 9, "excluded_lines": 0}, "missing_lines": [303, 304, 309, 317, 318, 323, 324, 329, 330], "excluded_lines": []}, "ClassificationStatisticAdmin": {"executed_lines": [], "summary": {"covered_lines": 0, "num_statements": 9, "percent_covered": 0.0, "percent_covered_display": "0", "missing_lines": 9, "excluded_lines": 0}, "missing_lines": [347, 348, 349, 350, 351, 353, 354, 362, 366], "excluded_lines": []}, "": {"executed_lines": [1, 4, 5, 6, 7, 8, 14, 15, 16, 17, 22, 23, 24, 29, 52, 65, 67, 69, 73, 75, 79, 81, 89, 92, 93, 94, 95, 99, 100, 101, 108, 140, 156, 158, 160, 164, 166, 170, 173, 174, 175, 176, 181, 182, 183, 190, 216, 220, 222, 235, 237, 244, 248, 252, 254, 261, 263, 267, 270, 271, 272, 273, 278, 279, 280, 282, 301, 305, 307, 313, 315, 319, 321, 325, 327, 331, 334, 335, 336, 337, 341, 342, 343, 345, 358, 360, 364], "summary": {"covered_lines": 81, "num_statements": 81, "percent_covered": 100.0, "percent_covered_display": "100", "missing_lines": 0, "excluded_lines": 0}, "missing_lines": [], "excluded_lines": []}}}, "apps/classification/apps.py": {"executed_lines": [1, 4, 7, 8, 9, 10, 11, 13, 15], "summary": {"covered_lines": 7, "num_statements": 7, "percent_covered": 100.0, "percent_covered_display": "100", "missing_lines": 0, "excluded_lines": 0}, "missing_lines": [], "excluded_lines": [], "functions": {"ClassificationConfig.ready": {"executed_lines": [15], "summary": {"covered_lines": 1, "num_statements": 1, "percent_covered": 100.0, "percent_covered_display": "100", "missing_lines": 0, "excluded_lines": 0}, "missing_lines": [], "excluded_lines": []}, "": {"executed_lines": [1, 4, 7, 8, 9, 10, 11, 13], "summary": {"covered_lines": 6, "num_statements": 6, "percent_covered": 100.0, "percent_covered_display": "100", "missing_lines": 0, "excluded_lines": 0}, "missing_lines": [], "excluded_lines": []}}, "classes": {"ClassificationConfig": {"executed_lines": [15], "summary": {"covered_lines": 1, "num_statements": 1, "percent_covered": 100.0, "percent_covered_display": "100", "missing_lines": 0, "excluded_lines": 0}, "missing_lines": [], "excluded_lines": []}, "": {"executed_lines": [1, 4, 7, 8, 9, 10, 11, 13], "summary": {"covered_lines": 6, "num_statements": 6, "percent_covered": 100.0, "percent_covered_display": "100", "missing_lines": 0, "excluded_lines": 0}, "missing_lines": [], "excluded_lines": []}}}, "apps/classification/classifier.py": {"executed_lines": [1, 4, 5, 6, 7, 8, 9, 10, 13, 14, 15, 16, 17, 18, 19, 20, 21, 22, 23, 24, 25, 29, 30, 32, 35, 36, 40, 41, 44, 45, 49, 50, 51, 52, 53, 56, 65, 67, 68, 69, 72, 73, 78, 79, 87, 88, 89, 90, 99, 128, 157, 212, 239, 285, 376, 443, 467, 486], "summary": {"covered_lines": 56, "num_statements": 225, "percent_covered": 24.88888888888889, "percent_covered_display": "25", "missing_lines": 169, "excluded_lines": 0}, "missing_lines": [26, 27, 46, 47, 48, 74, 75, 96, 97, 103, 104, 107, 110, 113, 116, 117, 118, 120, 123, 124, 126, 132, 135, 136, 137, 140, 143, 144, 145, 148, 149, 152, 153, 155, 161, 164, 166, 167, 170, 171, 172, 175, 176, 177, 179, 180, 182, 183, 186, 187, 190, 191, 194, 195, 197, 198, 199, 200, 201, 202, 204, 205, 207, 208, 210, 216, 217, 219, 221, 224, 227, 228, 231, 233, 235, 236, 237, 243, 246, 259, 260, 261, 262, 265, 273, 274, 275, 278, 281, 283, 289, 291, 303, 305, 308, 311, 314, 315, 316, 317, 318, 320, 321, 322, 323, 324, 326, 328, 329, 330, 331, 332, 334, 335, 336, 337, 340, 341, 344, 345, 348, 349, 352, 370, 371, 372, 374, 380, 381, 383, 385, 386, 387, 388, 391, 396, 404, 405, 408, 409, 410, 412, 422, 425, 426, 429, 431, 439, 440, 441, 447, 448, 449, 451, 458, 459, 461, 463, 464, 465, 471, 472, 473, 475, 476, 478, 480, 481, 482], "excluded_lines": [], "functions": {"NewsClassifier.__init__": {"executed_lines": [41, 44, 45, 49, 50, 51, 52, 53, 56], "summary": {"covered_lines": 9, "num_statements": 12, "percent_covered": 75.0, "percent_covered_display": "75", "missing_lines": 3, "excluded_lines": 0}, "missing_lines": [46, 47, 48], "excluded_lines": []}, "NewsClassifier._load_categories": {"executed_lines": [67, 68, 69, 72, 73, 78, 79, 87, 88, 89, 90], "summary": {"covered_lines": 11, "num_statements": 15, "percent_covered": 73.33333333333333, "percent_covered_display": "73", "missing_lines": 4, "excluded_lines": 0}, "missing_lines": [74, 75, 96, 97], "excluded_lines": []}, "NewsClassifier.preprocess_text": {"executed_lines": [], "summary": {"covered_lines": 0, "num_statements": 12, "percent_covered": 0.0, "percent_covered_display": "0", "missing_lines": 12, "excluded_lines": 0}, "missing_lines": [103, 104, 107, 110, 113, 116, 117, 118, 120, 123, 124, 126], "excluded_lines": []}, "NewsClassifier.extract_features": {"executed_lines": [], "summary": {"covered_lines": 0, "num_statements": 13, "percent_covered": 0.0, "percent_covered_display": "0", "missing_lines": 13, "excluded_lines": 0}, "missing_lines": [132, 135, 136, 137, 140, 143, 144, 145, 148, 149, 152, 153, 155], "excluded_lines": []}, "NewsClassifier.classify_by_keywords": {"executed_lines": [], "summary": {"covered_lines": 0, "num_statements": 31, "percent_covered": 0.0, "percent_covered_display": "0", "missing_lines": 31, "excluded_lines": 0}, "missing_lines": [161, 164, 166, 167, 170, 171, 172, 175, 176, 177, 179, 180, 182, 183, 186, 187, 190, 191, 194, 195, 197, 198, 199, 200, 201, 202, 204, 205, 207, 208, 210], "excluded_lines": []}, "NewsClassifier.classify_by_ml": {"executed_lines": [], "summary": {"covered_lines": 0, "num_statements": 12, "percent_covered": 0.0, "percent_covered_display": "0", "missing_lines": 12, "excluded_lines": 0}, "missing_lines": [216, 217, 219, 221, 224, 227, 228, 231, 233, 235, 236, 237], "excluded_lines": []}, "NewsClassifier.classify_urgency": {"executed_lines": [], "summary": {"covered_lines": 0, "num_statements": 13, "percent_covered": 0.0, "percent_covered_display": "0", "missing_lines": 13, "excluded_lines": 0}, "missing_lines": [243, 246, 259, 260, 261, 262, 265, 273, 274, 275, 278, 281, 283], "excluded_lines": []}, "NewsClassifier.classify_news": {"executed_lines": [], "summary": {"covered_lines": 0, "num_statements": 37, "percent_covered": 0.0, "percent_covered_display": "0", "missing_lines": 37, "excluded_lines": 0}, "missing_lines": [289, 291, 303, 305, 308, 311, 314, 315, 316, 317, 318, 320, 321, 322, 323, 324, 326, 328, 329, 330, 331, 332, 334, 335, 336, 337, 340, 341, 344, 345, 348, 349, 352, 370, 371, 372, 374], "excluded_lines": []}, "NewsClassifier.train_model": {"executed_lines": [], "summary": {"covered_lines": 0, "num_statements": 23, "percent_covered": 0.0, "percent_covered_display": "0", "missing_lines": 23, "excluded_lines": 0}, "missing_lines": [380, 381, 383, 385, 386, 387, 388, 391, 396, 404, 405, 408, 409, 410, 412, 422, 425, 426, 429, 431, 439, 440, 441], "excluded_lines": []}, "NewsClassifier.save_model": {"executed_lines": [], "summary": {"covered_lines": 0, "num_statements": 10, "percent_covered": 0.0, "percent_covered_display": "0", "missing_lines": 10, "excluded_lines": 0}, "missing_lines": [447, 448, 449, 451, 458, 459, 461, 463, 464, 465], "excluded_lines": []}, "NewsClassifier.load_model": {"executed_lines": [], "summary": {"covered_lines": 0, "num_statements": 9, "percent_covered": 0.0, "percent_covered_display": "0", "missing_lines": 9, "excluded_lines": 0}, "missing_lines": [471, 472, 473, 475, 476, 478, 480, 481, 482], "excluded_lines": []}, "": {"executed_lines": [1, 4, 5, 6, 7, 8, 9, 10, 13, 14, 15, 16, 17, 18, 19, 20, 21, 22, 23, 24, 25, 29, 30, 32, 35, 36, 40, 65, 99, 128, 157, 212, 239, 285, 376, 443, 467, 486], "summary": {"covered_lines": 36, "num_statements": 38, "percent_covered": 94.73684210526316, "percent_covered_display": "95", "missing_lines": 2, "excluded_lines": 0}, "missing_lines": [26, 27], "excluded_lines": []}}, "classes": {"NewsClassifier": {"executed_lines": [41, 44, 45, 49, 50, 51, 52, 53, 56, 67, 68, 69, 72, 73, 78, 79, 87, 88, 89, 90], "summary": {"covered_lines": 20, "num_statements": 187, "percent_covered": 10.695187165775401, "percent_covered_display": "11", "missing_lines": 167, "excluded_lines": 0}, "missing_lines": [46, 47, 48, 74, 75, 96, 97, 103, 104, 107, 110, 113, 116, 117, 118, 120, 123, 124, 126, 132, 135, 136, 137, 140, 143, 144, 145, 148, 149, 152, 153, 155, 161, 164, 166, 167, 170, 171, 172, 175, 176, 177, 179, 180, 182, 183, 186, 187, 190, 191, 194, 195, 197, 198, 199, 200, 201, 202, 204, 205, 207, 208, 210, 216, 217, 219, 221, 224, 227, 228, 231, 233, 235, 236, 237, 243, 246, 259, 260, 261, 262, 265, 273, 274, 275, 278, 281, 283, 289, 291, 303, 305, 308, 311, 314, 315, 316, 317, 318, 320, 321, 322, 323, 324, 326, 328, 329, 330, 331, 332, 334, 335, 336, 337, 340, 341, 344, 345, 348, 349, 352, 370, 371, 372, 374, 380, 381, 383, 385, 386, 387, 388, 391, 396, 404, 405, 408, 409, 410, 412, 422, 425, 426, 429, 431, 439, 440, 441, 447, 448, 449, 451, 458, 459, 461, 463, 464, 465, 471, 472, 473, 475, 476, 478, 480, 481, 482], "excluded_lines": []}, "": {"executed_lines": [1, 4, 5, 6, 7, 8, 9, 10, 13, 14, 15, 16, 17, 18, 19, 20, 21, 22, 23, 24, 25, 29, 30, 32, 35, 36, 40, 65, 99, 128, 157, 212, 239, 285, 376, 443, 467, 486], "summary": {"covered_lines": 36, "num_statements": 38, "percent_covered": 94.73684210526316, "percent_covered_display": "95", "missing_lines": 2, "excluded_lines": 0}, "missing_lines": [26, 27], "excluded_lines": []}}}, "apps/classification/management/__init__.py": {"executed_lines": [], "summary": {"covered_lines": 0, "num_statements": 0, "percent_covered": 100.0, "percent_covered_display": "100", "missing_lines": 0, "excluded_lines": 0}, "missing_lines": [], "excluded_lines": [], "functions": {"": {"executed_lines": [], "summary": {"covered_lines": 0, "num_statements": 0, "percent_covered": 100.0, "percent_covered_display": "100", "missing_lines": 0, "excluded_lines": 0}, "missing_lines": [], "excluded_lines": []}}, "classes": {"": {"executed_lines": [], "summary": {"covered_lines": 0, "num_statements": 0, "percent_covered": 100.0, "percent_covered_display": "100", "missing_lines": 0, "excluded_lines": 0}, "missing_lines": [], "excluded_lines": []}}}, "apps/classification/management/commands/__init__.py": {"executed_lines": [], "summary": {"covered_lines": 0, "num_statements": 0, "percent_covered": 100.0, "percent_covered_display": "100", "missing_lines": 0, "excluded_lines": 0}, "missing_lines": [], "excluded_lines": [], "functions": {"": {"executed_lines": [], "summary": {"covered_lines": 0, "num_statements": 0, "percent_covered": 100.0, "percent_covered_display": "100", "missing_lines": 0, "excluded_lines": 0}, "missing_lines": [], "excluded_lines": []}}, "classes": {"": {"executed_lines": [], "summary": {"covered_lines": 0, "num_statements": 0, "percent_covered": 100.0, "percent_covered_display": "100", "missing_lines": 0, "excluded_lines": 0}, "missing_lines": [], "excluded_lines": []}}}, "apps/classification/management/commands/setup_nltk.py": {"executed_lines": [], "summary": {"covered_lines": 0, "num_statements": 68, "percent_covered": 0.0, "percent_covered_display": "0", "missing_lines": 68, "excluded_lines": 0}, "missing_lines": [4, 5, 6, 7, 9, 12, 13, 15, 16, 21, 28, 29, 33, 34, 35, 36, 41, 42, 43, 46, 47, 49, 52, 57, 58, 60, 61, 63, 65, 66, 67, 68, 71, 72, 73, 74, 77, 79, 80, 83, 85, 89, 90, 95, 97, 99, 100, 101, 106, 107, 108, 113, 114, 115, 116, 120, 121, 124, 127, 128, 129, 131, 132, 135, 139, 144, 145, 146], "excluded_lines": [], "functions": {"Command.add_arguments": {"executed_lines": [], "summary": {"covered_lines": 0, "num_statements": 2, "percent_covered": 0.0, "percent_covered_display": "0", "missing_lines": 2, "excluded_lines": 0}, "missing_lines": [16, 21], "excluded_lines": []}, "Command.handle": {"executed_lines": [], "summary": {"covered_lines": 0, "num_statements": 57, "percent_covered": 0.0, "percent_covered_display": "0", "missing_lines": 57, "excluded_lines": 0}, "missing_lines": [29, 33, 34, 35, 36, 41, 42, 43, 46, 47, 49, 52, 57, 58, 60, 61, 63, 65, 66, 67, 68, 71, 72, 73, 74, 77, 79, 80, 83, 85, 89, 90, 95, 97, 99, 100, 101, 106, 107, 108, 113, 114, 115, 116, 120, 121, 124, 127, 128, 129, 131, 132, 135, 139, 144, 145, 146], "excluded_lines": []}, "": {"executed_lines": [], "summary": {"covered_lines": 0, "num_statements": 9, "percent_covered": 0.0, "percent_covered_display": "0", "missing_lines": 9, "excluded_lines": 0}, "missing_lines": [4, 5, 6, 7, 9, 12, 13, 15, 28], "excluded_lines": []}}, "classes": {"Command": {"executed_lines": [], "summary": {"covered_lines": 0, "num_statements": 59, "percent_covered": 0.0, "percent_covered_display": "0", "missing_lines": 59, "excluded_lines": 0}, "missing_lines": [16, 21, 29, 33, 34, 35, 36, 41, 42, 43, 46, 47, 49, 52, 57, 58, 60, 61, 63, 65, 66, 67, 68, 71, 72, 73, 74, 77, 79, 80, 83, 85, 89, 90, 95, 97, 99, 100, 101, 106, 107, 108, 113, 114, 115, 116, 120, 121, 124, 127, 128, 129, 131, 132, 135, 139, 144, 145, 146], "excluded_lines": []}, "": {"executed_lines": [], "summary": {"covered_lines": 0, "num_statements": 9, "percent_covered": 0.0, "percent_covered_display": "0", "missing_lines": 9, "excluded_lines": 0}, "missing_lines": [4, 5, 6, 7, 9, 12, 13, 15, 28], "excluded_lines": []}}}, "apps/classification/migrations/0001_initial.py": {"executed_lines": [], "summary": {"covered_lines": 0, "num_statements": 8, "percent_covered": 0.0, "percent_covered_display": "0", "missing_lines": 8, "excluded_lines": 0}, "missing_lines": [3, 4, 5, 6, 9, 10, 12, 16], "excluded_lines": [], "functions": {"": {"executed_lines": [], "summary": {"covered_lines": 0, "num_statements": 8, "percent_covered": 0.0, "percent_covered_display": "0", "missing_lines": 8, "excluded_lines": 0}, "missing_lines": [3, 4, 5, 6, 9, 10, 12, 16], "excluded_lines": []}}, "classes": {"Migration": {"executed_lines": [], "summary": {"covered_lines": 0, "num_statements": 0, "percent_covered": 100.0, "percent_covered_display": "100", "missing_lines": 0, "excluded_lines": 0}, "missing_lines": [], "excluded_lines": []}, "": {"executed_lines": [], "summary": {"covered_lines": 0, "num_statements": 8, "percent_covered": 0.0, "percent_covered_display": "0", "missing_lines": 8, "excluded_lines": 0}, "missing_lines": [3, 4, 5, 6, 9, 10, 12, 16], "excluded_lines": []}}}, "apps/classification/migrations/__init__.py": {"executed_lines": [], "summary": {"covered_lines": 0, "num_statements": 0, "percent_covered": 100.0, "percent_covered_display": "100", "missing_lines": 0, "excluded_lines": 0}, "missing_lines": [], "excluded_lines": [], "functions": {"": {"executed_lines": [], "summary": {"covered_lines": 0, "num_statements": 0, "percent_covered": 100.0, "percent_covered_display": "100", "missing_lines": 0, "excluded_lines": 0}, "missing_lines": [], "excluded_lines": []}}, "classes": {"": {"executed_lines": [], "summary": {"covered_lines": 0, "num_statements": 0, "percent_covered": 100.0, "percent_covered_display": "100", "missing_lines": 0, "excluded_lines": 0}, "missing_lines": [], "excluded_lines": []}}}, "apps/classification/models.py": {"executed_lines": [1, 4, 5, 6, 7, 8, 11, 12, 15, 22, 23, 24, 25, 28, 33, 42, 46, 50, 55, 62, 63, 64, 67, 68, 74, 75, 76, 78, 79, 81, 82, 83, 84, 85, 87, 88, 90, 92, 93, 94, 96, 98, 99, 101, 102, 104, 105, 106, 109, 110, 113, 120, 121, 122, 123, 126, 132, 133, 136, 137, 138, 139, 142, 143, 144, 147, 148, 151, 152, 154, 155, 157, 158, 159, 160, 161, 163, 164, 166, 168, 169, 170, 173, 174, 177, 178, 185, 197, 204, 213, 218, 227, 230, 234, 240, 246, 247, 250, 254, 256, 257, 258, 259, 260, 262, 263, 265, 267, 268, 271, 272, 273, 274, 275, 276, 277, 280, 281, 282, 287, 288, 291, 292, 299, 304, 311, 314, 325, 329, 332, 333, 335, 336, 338, 339, 340, 341, 342, 344, 345, 348, 349, 352, 355, 356, 357, 360, 361, 362, 363, 366, 367, 370, 375, 376, 378, 379, 380, 381, 382, 384, 385, 387, 388, 390, 391, 392], "summary": {"covered_lines": 161, "num_statements": 162, "percent_covered": 99.38271604938272, "percent_covered_display": "99", "missing_lines": 1, "excluded_lines": 0}, "missing_lines": [284], "excluded_lines": [], "functions": {"ClassificationRule.__str__": {"executed_lines": [88], "summary": {"covered_lines": 1, "num_statements": 1, "percent_covered": 100.0, "percent_covered_display": "100", "missing_lines": 0, "excluded_lines": 0}, "missing_lines": [], "excluded_lines": []}, "ClassificationRule.increment_matches": {"executed_lines": [92, 93, 94], "summary": {"covered_lines": 3, "num_statements": 3, "percent_covered": 100.0, "percent_covered_display": "100", "missing_lines": 0, "excluded_lines": 0}, "missing_lines": [], "excluded_lines": []}, "ClassificationRule.increment_successful_classifications": {"executed_lines": [98, 99], "summary": {"covered_lines": 2, "num_statements": 2, "percent_covered": 100.0, "percent_covered_display": "100", "missing_lines": 0, "excluded_lines": 0}, "missing_lines": [], "excluded_lines": []}, "ClassificationRule.success_rate": {"executed_lines": [104, 105, 106], "summary": {"covered_lines": 3, "num_statements": 3, "percent_covered": 100.0, "percent_covered_display": "100", "missing_lines": 0, "excluded_lines": 0}, "missing_lines": [], "excluded_lines": []}, "ClassificationModel.__str__": {"executed_lines": [164], "summary": {"covered_lines": 1, "num_statements": 1, "percent_covered": 100.0, "percent_covered_display": "100", "missing_lines": 0, "excluded_lines": 0}, "missing_lines": [], "excluded_lines": []}, "ClassificationModel.increment_predictions": {"executed_lines": [168, 169, 170], "summary": {"covered_lines": 3, "num_statements": 3, "percent_covered": 100.0, "percent_covered_display": "100", "missing_lines": 0, "excluded_lines": 0}, "missing_lines": [], "excluded_lines": []}, "ClassificationResult.__str__": {"executed_lines": [263], "summary": {"covered_lines": 1, "num_statements": 1, "percent_covered": 100.0, "percent_covered_display": "100", "missing_lines": 0, "excluded_lines": 0}, "missing_lines": [], "excluded_lines": []}, "ClassificationResult.accept_classification": {"executed_lines": [267, 268, 271, 272, 273, 274, 275, 276, 277, 280, 281, 282], "summary": {"covered_lines": 12, "num_statements": 13, "percent_covered": 92.3076923076923, "percent_covered_display": "92", "missing_lines": 1, "excluded_lines": 0}, "missing_lines": [284], "excluded_lines": []}, "ClassificationTrainingData.__str__": {"executed_lines": [345], "summary": {"covered_lines": 1, "num_statements": 1, "percent_covered": 100.0, "percent_covered_display": "100", "missing_lines": 0, "excluded_lines": 0}, "missing_lines": [], "excluded_lines": []}, "ClassificationStatistic.__str__": {"executed_lines": [385], "summary": {"covered_lines": 1, "num_statements": 1, "percent_covered": 100.0, "percent_covered_display": "100", "missing_lines": 0, "excluded_lines": 0}, "missing_lines": [], "excluded_lines": []}, "ClassificationStatistic.success_rate": {"executed_lines": [390, 391, 392], "summary": {"covered_lines": 3, "num_statements": 3, "percent_covered": 100.0, "percent_covered_display": "100", "missing_lines": 0, "excluded_lines": 0}, "missing_lines": [], "excluded_lines": []}, "": {"executed_lines": [1, 4, 5, 6, 7, 8, 11, 12, 15, 22, 23, 24, 25, 28, 33, 42, 46, 50, 55, 62, 63, 64, 67, 68, 74, 75, 76, 78, 79, 81, 82, 83, 84, 85, 87, 90, 96, 101, 102, 109, 110, 113, 120, 121, 122, 123, 126, 132, 133, 136, 137, 138, 139, 142, 143, 144, 147, 148, 151, 152, 154, 155, 157, 158, 159, 160, 161, 163, 166, 173, 174, 177, 178, 185, 197, 204, 213, 218, 227, 230, 234, 240, 246, 247, 250, 254, 256, 257, 258, 259, 260, 262, 265, 287, 288, 291, 292, 299, 304, 311, 314, 325, 329, 332, 333, 335, 336, 338, 339, 340, 341, 342, 344, 348, 349, 352, 355, 356, 357, 360, 361, 362, 363, 366, 367, 370, 375, 376, 378, 379, 380, 381, 382, 384, 387, 388], "summary": {"covered_lines": 130, "num_statements": 130, "percent_covered": 100.0, "percent_covered_display": "100", "missing_lines": 0, "excluded_lines": 0}, "missing_lines": [], "excluded_lines": []}}, "classes": {"ClassificationRule": {"executed_lines": [88, 92, 93, 94, 98, 99, 104, 105, 106], "summary": {"covered_lines": 9, "num_statements": 9, "percent_covered": 100.0, "percent_covered_display": "100", "missing_lines": 0, "excluded_lines": 0}, "missing_lines": [], "excluded_lines": []}, "ClassificationRule.Meta": {"executed_lines": [], "summary": {"covered_lines": 0, "num_statements": 0, "percent_covered": 100.0, "percent_covered_display": "100", "missing_lines": 0, "excluded_lines": 0}, "missing_lines": [], "excluded_lines": []}, "ClassificationModel": {"executed_lines": [164, 168, 169, 170], "summary": {"covered_lines": 4, "num_statements": 4, "percent_covered": 100.0, "percent_covered_display": "100", "missing_lines": 0, "excluded_lines": 0}, "missing_lines": [], "excluded_lines": []}, "ClassificationModel.Meta": {"executed_lines": [], "summary": {"covered_lines": 0, "num_statements": 0, "percent_covered": 100.0, "percent_covered_display": "100", "missing_lines": 0, "excluded_lines": 0}, "missing_lines": [], "excluded_lines": []}, "ClassificationResult": {"executed_lines": [263, 267, 268, 271, 272, 273, 274, 275, 276, 277, 280, 281, 282], "summary": {"covered_lines": 13, "num_statements": 14, "percent_covered": 92.85714285714286, "percent_covered_display": "93", "missing_lines": 1, "excluded_lines": 0}, "missing_lines": [284], "excluded_lines": []}, "ClassificationResult.Meta": {"executed_lines": [], "summary": {"covered_lines": 0, "num_statements": 0, "percent_covered": 100.0, "percent_covered_display": "100", "missing_lines": 0, "excluded_lines": 0}, "missing_lines": [], "excluded_lines": []}, "ClassificationTrainingData": {"executed_lines": [345], "summary": {"covered_lines": 1, "num_statements": 1, "percent_covered": 100.0, "percent_covered_display": "100", "missing_lines": 0, "excluded_lines": 0}, "missing_lines": [], "excluded_lines": []}, "ClassificationTrainingData.Meta": {"executed_lines": [], "summary": {"covered_lines": 0, "num_statements": 0, "percent_covered": 100.0, "percent_covered_display": "100", "missing_lines": 0, "excluded_lines": 0}, "missing_lines": [], "excluded_lines": []}, "ClassificationStatistic": {"executed_lines": [385, 390, 391, 392], "summary": {"covered_lines": 4, "num_statements": 4, "percent_covered": 100.0, "percent_covered_display": "100", "missing_lines": 0, "excluded_lines": 0}, "missing_lines": [], "excluded_lines": []}, "ClassificationStatistic.Meta": {"executed_lines": [], "summary": {"covered_lines": 0, "num_statements": 0, "percent_covered": 100.0, "percent_covered_display": "100", "missing_lines": 0, "excluded_lines": 0}, "missing_lines": [], "excluded_lines": []}, "": {"executed_lines": [1, 4, 5, 6, 7, 8, 11, 12, 15, 22, 23, 24, 25, 28, 33, 42, 46, 50, 55, 62, 63, 64, 67, 68, 74, 75, 76, 78, 79, 81, 82, 83, 84, 85, 87, 90, 96, 101, 102, 109, 110, 113, 120, 121, 122, 123, 126, 132, 133, 136, 137, 138, 139, 142, 143, 144, 147, 148, 151, 152, 154, 155, 157, 158, 159, 160, 161, 163, 166, 173, 174, 177, 178, 185, 197, 204, 213, 218, 227, 230, 234, 240, 246, 247, 250, 254, 256, 257, 258, 259, 260, 262, 265, 287, 288, 291, 292, 299, 304, 311, 314, 325, 329, 332, 333, 335, 336, 338, 339, 340, 341, 342, 344, 348, 349, 352, 355, 356, 357, 360, 361, 362, 363, 366, 367, 370, 375, 376, 378, 379, 380, 381, 382, 384, 387, 388], "summary": {"covered_lines": 130, "num_statements": 130, "percent_covered": 100.0, "percent_covered_display": "100", "missing_lines": 0, "excluded_lines": 0}, "missing_lines": [], "excluded_lines": []}}}, "apps/classification/serializers.py": {"executed_lines": [], "summary": {"covered_lines": 0, "num_statements": 87, "percent_covered": 0.0, "percent_covered_display": "0", "missing_lines": 87, "excluded_lines": 0}, "missing_lines": [4, 5, 6, 12, 14, 15, 17, 18, 19, 27, 33, 36, 37, 38, 45, 53, 55, 56, 57, 58, 59, 61, 62, 63, 71, 74, 76, 77, 78, 80, 81, 82, 88, 91, 94, 95, 96, 103, 106, 108, 109, 113, 115, 117, 118, 119, 120, 121, 122, 125, 127, 132, 136, 138, 140, 141, 142, 144, 145, 148, 151, 153, 154, 155, 157, 159, 160, 161, 162, 163, 166, 168, 169, 171, 173, 174, 175, 176, 179, 181, 182, 184, 186, 187, 188, 189, 190], "excluded_lines": [], "functions": {"NewsClassificationSerializer.validate_news_id": {"executed_lines": [], "summary": {"covered_lines": 0, "num_statements": 6, "percent_covered": 0.0, "percent_covered_display": "0", "missing_lines": 6, "excluded_lines": 0}, "missing_lines": [117, 118, 119, 120, 121, 122], "excluded_lines": []}, "BulkClassificationSerializer.validate_news_ids": {"executed_lines": [], "summary": {"covered_lines": 0, "num_statements": 6, "percent_covered": 0.0, "percent_covered_display": "0", "missing_lines": 6, "excluded_lines": 0}, "missing_lines": [140, 141, 142, 144, 145, 148], "excluded_lines": []}, "ModelTrainingSerializer.validate_model_id": {"executed_lines": [], "summary": {"covered_lines": 0, "num_statements": 5, "percent_covered": 0.0, "percent_covered_display": "0", "missing_lines": 5, "excluded_lines": 0}, "missing_lines": [159, 160, 161, 162, 163], "excluded_lines": []}, "ClassificationStatsSerializer.validate": {"executed_lines": [], "summary": {"covered_lines": 0, "num_statements": 4, "percent_covered": 0.0, "percent_covered_display": "0", "missing_lines": 4, "excluded_lines": 0}, "missing_lines": [173, 174, 175, 176], "excluded_lines": []}, "ClassificationRuleTestSerializer.validate_rule_id": {"executed_lines": [], "summary": {"covered_lines": 0, "num_statements": 5, "percent_covered": 0.0, "percent_covered_display": "0", "missing_lines": 5, "excluded_lines": 0}, "missing_lines": [186, 187, 188, 189, 190], "excluded_lines": []}, "": {"executed_lines": [], "summary": {"covered_lines": 0, "num_statements": 61, "percent_covered": 0.0, "percent_covered_display": "0", "missing_lines": 61, "excluded_lines": 0}, "missing_lines": [4, 5, 6, 12, 14, 15, 17, 18, 19, 27, 33, 36, 37, 38, 45, 53, 55, 56, 57, 58, 59, 61, 62, 63, 71, 74, 76, 77, 78, 80, 81, 82, 88, 91, 94, 95, 96, 103, 106, 108, 109, 113, 115, 125, 127, 132, 136, 138, 151, 153, 154, 155, 157, 166, 168, 169, 171, 179, 181, 182, 184], "excluded_lines": []}}, "classes": {"ClassificationRuleSerializer": {"executed_lines": [], "summary": {"covered_lines": 0, "num_statements": 0, "percent_covered": 100.0, "percent_covered_display": "100", "missing_lines": 0, "excluded_lines": 0}, "missing_lines": [], "excluded_lines": []}, "ClassificationRuleSerializer.Meta": {"executed_lines": [], "summary": {"covered_lines": 0, "num_statements": 0, "percent_covered": 100.0, "percent_covered_display": "100", "missing_lines": 0, "excluded_lines": 0}, "missing_lines": [], "excluded_lines": []}, "ClassificationModelSerializer": {"executed_lines": [], "summary": {"covered_lines": 0, "num_statements": 0, "percent_covered": 100.0, "percent_covered_display": "100", "missing_lines": 0, "excluded_lines": 0}, "missing_lines": [], "excluded_lines": []}, "ClassificationModelSerializer.Meta": {"executed_lines": [], "summary": {"covered_lines": 0, "num_statements": 0, "percent_covered": 100.0, "percent_covered_display": "100", "missing_lines": 0, "excluded_lines": 0}, "missing_lines": [], "excluded_lines": []}, "ClassificationResultSerializer": {"executed_lines": [], "summary": {"covered_lines": 0, "num_statements": 0, "percent_covered": 100.0, "percent_covered_display": "100", "missing_lines": 0, "excluded_lines": 0}, "missing_lines": [], "excluded_lines": []}, "ClassificationResultSerializer.Meta": {"executed_lines": [], "summary": {"covered_lines": 0, "num_statements": 0, "percent_covered": 100.0, "percent_covered_display": "100", "missing_lines": 0, "excluded_lines": 0}, "missing_lines": [], "excluded_lines": []}, "ClassificationTrainingDataSerializer": {"executed_lines": [], "summary": {"covered_lines": 0, "num_statements": 0, "percent_covered": 100.0, "percent_covered_display": "100", "missing_lines": 0, "excluded_lines": 0}, "missing_lines": [], "excluded_lines": []}, "ClassificationTrainingDataSerializer.Meta": {"executed_lines": [], "summary": {"covered_lines": 0, "num_statements": 0, "percent_covered": 100.0, "percent_covered_display": "100", "missing_lines": 0, "excluded_lines": 0}, "missing_lines": [], "excluded_lines": []}, "ClassificationStatisticSerializer": {"executed_lines": [], "summary": {"covered_lines": 0, "num_statements": 0, "percent_covered": 100.0, "percent_covered_display": "100", "missing_lines": 0, "excluded_lines": 0}, "missing_lines": [], "excluded_lines": []}, "ClassificationStatisticSerializer.Meta": {"executed_lines": [], "summary": {"covered_lines": 0, "num_statements": 0, "percent_covered": 100.0, "percent_covered_display": "100", "missing_lines": 0, "excluded_lines": 0}, "missing_lines": [], "excluded_lines": []}, "NewsClassificationSerializer": {"executed_lines": [], "summary": {"covered_lines": 0, "num_statements": 6, "percent_covered": 0.0, "percent_covered_display": "0", "missing_lines": 6, "excluded_lines": 0}, "missing_lines": [117, 118, 119, 120, 121, 122], "excluded_lines": []}, "BulkClassificationSerializer": {"executed_lines": [], "summary": {"covered_lines": 0, "num_statements": 6, "percent_covered": 0.0, "percent_covered_display": "0", "missing_lines": 6, "excluded_lines": 0}, "missing_lines": [140, 141, 142, 144, 145, 148], "excluded_lines": []}, "ModelTrainingSerializer": {"executed_lines": [], "summary": {"covered_lines": 0, "num_statements": 5, "percent_covered": 0.0, "percent_covered_display": "0", "missing_lines": 5, "excluded_lines": 0}, "missing_lines": [159, 160, 161, 162, 163], "excluded_lines": []}, "ClassificationStatsSerializer": {"executed_lines": [], "summary": {"covered_lines": 0, "num_statements": 4, "percent_covered": 0.0, "percent_covered_display": "0", "missing_lines": 4, "excluded_lines": 0}, "missing_lines": [173, 174, 175, 176], "excluded_lines": []}, "ClassificationRuleTestSerializer": {"executed_lines": [], "summary": {"covered_lines": 0, "num_statements": 5, "percent_covered": 0.0, "percent_covered_display": "0", "missing_lines": 5, "excluded_lines": 0}, "missing_lines": [186, 187, 188, 189, 190], "excluded_lines": []}, "": {"executed_lines": [], "summary": {"covered_lines": 0, "num_statements": 61, "percent_covered": 0.0, "percent_covered_display": "0", "missing_lines": 61, "excluded_lines": 0}, "missing_lines": [4, 5, 6, 12, 14, 15, 17, 18, 19, 27, 33, 36, 37, 38, 45, 53, 55, 56, 57, 58, 59, 61, 62, 63, 71, 74, 76, 77, 78, 80, 81, 82, 88, 91, 94, 95, 96, 103, 106, 108, 109, 113, 115, 125, 127, 132, 136, 138, 151, 153, 154, 155, 157, 166, 168, 169, 171, 179, 181, 182, 184], "excluded_lines": []}}}, "apps/classification/signals.py": {"executed_lines": [1, 4, 5, 6, 7, 10, 11, 16, 17, 20, 21, 23, 24, 27, 28, 42, 43, 48, 49, 52, 53, 55, 56, 59, 60, 64, 66, 69, 70, 73, 77, 78, 79], "summary": {"covered_lines": 32, "num_statements": 38, "percent_covered": 84.21052631578948, "percent_covered_display": "84", "missing_lines": 6, "excluded_lines": 0}, "missing_lines": [33, 34, 37, 38, 39, 74], "excluded_lines": [], "functions": {"classification_rule_post_save": {"executed_lines": [16, 17, 20, 21, 23, 24], "summary": {"covered_lines": 6, "num_statements": 6, "percent_covered": 100.0, "percent_covered_display": "100", "missing_lines": 0, "excluded_lines": 0}, "missing_lines": [], "excluded_lines": []}, "classification_rule_post_delete": {"executed_lines": [], "summary": {"covered_lines": 0, "num_statements": 5, "percent_covered": 0.0, "percent_covered_display": "0", "missing_lines": 5, "excluded_lines": 0}, "missing_lines": [33, 34, 37, 38, 39], "excluded_lines": []}, "classification_model_post_save": {"executed_lines": [48, 49, 52, 53, 55, 56], "summary": {"covered_lines": 6, "num_statements": 6, "percent_covered": 100.0, "percent_covered_display": "100", "missing_lines": 0, "excluded_lines": 0}, "missing_lines": [], "excluded_lines": []}, "classification_result_post_save": {"executed_lines": [64, 66, 69, 70, 73, 77, 78, 79], "summary": {"covered_lines": 8, "num_statements": 9, "percent_covered": 88.88888888888889, "percent_covered_display": "89", "missing_lines": 1, "excluded_lines": 0}, "missing_lines": [74], "excluded_lines": []}, "": {"executed_lines": [1, 4, 5, 6, 7, 10, 11, 27, 28, 42, 43, 59, 60], "summary": {"covered_lines": 12, "num_statements": 12, "percent_covered": 100.0, "percent_covered_display": "100", "missing_lines": 0, "excluded_lines": 0}, "missing_lines": [], "excluded_lines": []}}, "classes": {"": {"executed_lines": [1, 4, 5, 6, 7, 10, 11, 16, 17, 20, 21, 23, 24, 27, 28, 42, 43, 48, 49, 52, 53, 55, 56, 59, 60, 64, 66, 69, 70, 73, 77, 78, 79], "summary": {"covered_lines": 32, "num_statements": 38, "percent_covered": 84.21052631578948, "percent_covered_display": "84", "missing_lines": 6, "excluded_lines": 0}, "missing_lines": [33, 34, 37, 38, 39, 74], "excluded_lines": []}}}, "apps/classification/tasks.py": {"executed_lines": [1, 4, 5, 6, 7, 8, 10, 11, 16, 19, 20, 146, 147, 211, 212, 283, 284, 312, 313, 343, 344, 370, 371], "summary": {"covered_lines": 22, "num_statements": 168, "percent_covered": 13.095238095238095, "percent_covered_display": "13", "missing_lines": 146, "excluded_lines": 0}, "missing_lines": [24, 25, 28, 30, 31, 33, 36, 39, 40, 42, 43, 44, 48, 50, 56, 57, 58, 63, 65, 73, 74, 87, 88, 91, 92, 93, 94, 95, 98, 99, 101, 104, 105, 113, 115, 124, 125, 128, 129, 130, 131, 138, 139, 142, 143, 151, 152, 155, 160, 161, 167, 168, 170, 171, 172, 175, 177, 178, 184, 185, 186, 187, 188, 189, 190, 191, 192, 194, 201, 206, 207, 208, 216, 217, 220, 225, 226, 227, 230, 231, 232, 233, 236, 240, 245, 246, 247, 248, 251, 267, 268, 270, 278, 279, 280, 288, 289, 290, 292, 293, 294, 295, 296, 297, 299, 301, 307, 308, 309, 317, 318, 320, 321, 323, 324, 325, 326, 327, 328, 330, 332, 338, 339, 340, 348, 349, 351, 354, 358, 360, 365, 366, 367, 375, 376, 379, 386, 388, 389, 402, 403, 405, 407, 412, 413, 414], "excluded_lines": [], "functions": {"classify_news": {"executed_lines": [], "summary": {"covered_lines": 0, "num_statements": 45, "percent_covered": 0.0, "percent_covered_display": "0", "missing_lines": 45, "excluded_lines": 0}, "missing_lines": [24, 25, 28, 30, 31, 33, 36, 39, 40, 42, 43, 44, 48, 50, 56, 57, 58, 63, 65, 73, 74, 87, 88, 91, 92, 93, 94, 95, 98, 99, 101, 104, 105, 113, 115, 124, 125, 128, 129, 130, 131, 138, 139, 142, 143], "excluded_lines": []}, "train_classification_model": {"executed_lines": [], "summary": {"covered_lines": 0, "num_statements": 27, "percent_covered": 0.0, "percent_covered_display": "0", "missing_lines": 27, "excluded_lines": 0}, "missing_lines": [151, 152, 155, 160, 161, 167, 168, 170, 171, 172, 175, 177, 178, 184, 185, 186, 187, 188, 189, 190, 191, 192, 194, 201, 206, 207, 208], "excluded_lines": []}, "update_classification_statistics": {"executed_lines": [], "summary": {"covered_lines": 0, "num_statements": 23, "percent_covered": 0.0, "percent_covered_display": "0", "missing_lines": 23, "excluded_lines": 0}, "missing_lines": [216, 217, 220, 225, 226, 227, 230, 231, 232, 233, 236, 240, 245, 246, 247, 248, 251, 267, 268, 270, 278, 279, 280], "excluded_lines": []}, "bulk_classify_news": {"executed_lines": [], "summary": {"covered_lines": 0, "num_statements": 14, "percent_covered": 0.0, "percent_covered_display": "0", "missing_lines": 14, "excluded_lines": 0}, "missing_lines": [288, 289, 290, 292, 293, 294, 295, 296, 297, 299, 301, 307, 308, 309], "excluded_lines": []}, "retrain_models": {"executed_lines": [], "summary": {"covered_lines": 0, "num_statements": 15, "percent_covered": 0.0, "percent_covered_display": "0", "missing_lines": 15, "excluded_lines": 0}, "missing_lines": [317, 318, 320, 321, 323, 324, 325, 326, 327, 328, 330, 332, 338, 339, 340], "excluded_lines": []}, "cleanup_old_classification_results": {"executed_lines": [], "summary": {"covered_lines": 0, "num_statements": 9, "percent_covered": 0.0, "percent_covered_display": "0", "missing_lines": 9, "excluded_lines": 0}, "missing_lines": [348, 349, 351, 354, 358, 360, 365, 366, 367], "excluded_lines": []}, "generate_training_data": {"executed_lines": [], "summary": {"covered_lines": 0, "num_statements": 13, "percent_covered": 0.0, "percent_covered_display": "0", "missing_lines": 13, "excluded_lines": 0}, "missing_lines": [375, 376, 379, 386, 388, 389, 402, 403, 405, 407, 412, 413, 414], "excluded_lines": []}, "": {"executed_lines": [1, 4, 5, 6, 7, 8, 10, 11, 16, 19, 20, 146, 147, 211, 212, 283, 284, 312, 313, 343, 344, 370, 371], "summary": {"covered_lines": 22, "num_statements": 22, "percent_covered": 100.0, "percent_covered_display": "100", "missing_lines": 0, "excluded_lines": 0}, "missing_lines": [], "excluded_lines": []}}, "classes": {"": {"executed_lines": [1, 4, 5, 6, 7, 8, 10, 11, 16, 19, 20, 146, 147, 211, 212, 283, 284, 312, 313, 343, 344, 370, 371], "summary": {"covered_lines": 22, "num_statements": 168, "percent_covered": 13.095238095238095, "percent_covered_display": "13", "missing_lines": 146, "excluded_lines": 0}, "missing_lines": [24, 25, 28, 30, 31, 33, 36, 39, 40, 42, 43, 44, 48, 50, 56, 57, 58, 63, 65, 73, 74, 87, 88, 91, 92, 93, 94, 95, 98, 99, 101, 104, 105, 113, 115, 124, 125, 128, 129, 130, 131, 138, 139, 142, 143, 151, 152, 155, 160, 161, 167, 168, 170, 171, 172, 175, 177, 178, 184, 185, 186, 187, 188, 189, 190, 191,
[...]
validate_content": {"executed_lines": [], "summary": {"covered_lines": 0, "num_statements": 5, "percent_covered": 0.0, "percent_covered_display": "0", "missing_lines": 5, "excluded_lines": 0}, "missing_lines": [131, 132, 133, 134, 135], "excluded_lines": []}, "WebhookTestSerializer.validate_source_id": {"executed_lines": [], "summary": {"covered_lines": 0, "num_statements": 5, "percent_covered": 0.0, "percent_covered_display": "0", "missing_lines": 5, "excluded_lines": 0}, "missing_lines": [150, 151, 152, 153, 154], "excluded_lines": []}, "": {"executed_lines": [], "summary": {"covered_lines": 0, "num_statements": 49, "percent_covered": 0.0, "percent_covered_display": "0", "missing_lines": 49, "excluded_lines": 0}, "missing_lines": [4, 5, 6, 9, 12, 13, 14, 20, 24, 29, 31, 33, 34, 35, 41, 44, 47, 48, 49, 53, 56, 58, 60, 61, 62, 68, 71, 76, 77, 78, 80, 81, 82, 84, 85, 88, 89, 90, 97, 98, 105, 107, 113, 121, 129, 141, 145, 146, 148], "excluded_lines": []}}, "classes": {"WebhookSourceSerializer": {"executed_lines": [], "summary": {"covered_lines": 0, "num_statements": 0, "percent_covered": 100.0, "percent_covered_display": "100", "missing_lines": 0, "excluded_lines": 0}, "missing_lines": [], "excluded_lines": []}, "WebhookSourceSerializer.Meta": {"executed_lines": [], "summary": {"covered_lines": 0, "num_statements": 0, "percent_covered": 100.0, "percent_covered_display": "100", "missing_lines": 0, "excluded_lines": 0}, "missing_lines": [], "excluded_lines": []}, "WebhookLogSerializer": {"executed_lines": [], "summary": {"covered_lines": 0, "num_statements": 0, "percent_covered": 100.0, "percent_covered_display": "100", "missing_lines": 0, "excluded_lines": 0}, "missing_lines": [], "excluded_lines": []}, "WebhookLogSerializer.Meta": {"executed_lines": [], "summary": {"covered_lines": 0, "num_statements": 0, "percent_covered": 100.0, "percent_covered_display": "100", "missing_lines": 0, "excluded_lines": 0}, "missing_lines": [], "excluded_lines": []}, "WebhookRetrySerializer": {"executed_lines": [], "summary": {"covered_lines": 0, "num_statements": 0, "percent_covered": 100.0, "percent_covered_display": "100", "missing_lines": 0, "excluded_lines": 0}, "missing_lines": [], "excluded_lines": []}, "WebhookRetrySerializer.Meta": {"executed_lines": [], "summary": {"covered_lines": 0, "num_statements": 0, "percent_covered": 100.0, "percent_covered_display": "100", "missing_lines": 0, "excluded_lines": 0}, "missing_lines": [], "excluded_lines": []}, "WebhookStatisticSerializer": {"executed_lines": [], "summary": {"covered_lines": 0, "num_statements": 0, "percent_covered": 100.0, "percent_covered_display": "100", "missing_lines": 0, "excluded_lines": 0}, "missing_lines": [], "excluded_lines": []}, "WebhookStatisticSerializer.Meta": {"executed_lines": [], "summary": {"covered_lines": 0, "num_statements": 0, "percent_covered": 100.0, "percent_covered_display": "100", "missing_lines": 0, "excluded_lines": 0}, "missing_lines": [], "excluded_lines": []}, "NewsWebhookSerializer": {"executed_lines": [], "summary": {"covered_lines": 0, "num_statements": 18, "percent_covered": 0.0, "percent_covered_display": "0", "missing_lines": 18, "excluded_lines": 0}, "missing_lines": [109, 110, 111, 115, 116, 117, 118, 119, 123, 124, 125, 126, 127, 131, 132, 133, 134, 135], "excluded_lines": []}, "WebhookTestSerializer": {"executed_lines": [], "summary": {"covered_lines": 0, "num_statements": 5, "percent_covered": 0.0, "percent_covered_display": "0", "missing_lines": 5, "excluded_lines": 0}, "missing_lines": [150, 151, 152, 153, 154], "excluded_lines": []}, "": {"executed_lines": [], "summary": {"covered_lines": 0, "num_statements": 49, "percent_covered": 0.0, "percent_covered_display": "0", "missing_lines": 49, "excluded_lines": 0}, "missing_lines": [4, 5, 6, 9, 12, 13, 14, 20, 24, 29, 31, 33, 34, 35, 41, 44, 47, 48, 49, 53, 56, 58, 60, 61, 62, 68, 71, 76, 77, 78, 80, 81, 82, 84, 85, 88, 89, 90, 97, 98, 105, 107, 113, 121, 129, 141, 145, 146, 148], "excluded_lines": []}}}, "apps/webhooks/signals.py": {"executed_lines": [1, 4, 5, 6, 7, 10, 11, 27, 28, 42, 43], "summary": {"covered_lines": 10, "num_statements": 28, "percent_covered": 35.714285714285715, "percent_covered_display": "36", "missing_lines": 18, "excluded_lines": 0}, "missing_lines": [16, 17, 20, 21, 23, 24, 33, 34, 37, 38, 39, 47, 49, 52, 53, 54, 66, 68], "excluded_lines": [], "functions": {"webhook_source_post_save": {"executed_lines": [], "summary": {"covered_lines": 0, "num_statements": 6, "percent_covered": 0.0, "percent_covered_display": "0", "missing_lines": 6, "excluded_lines": 0}, "missing_lines": [16, 17, 20, 21, 23, 24], "excluded_lines": []}, "webhook_source_post_delete": {"executed_lines": [], "summary": {"covered_lines": 0, "num_statements": 5, "percent_covered": 0.0, "percent_covered_display": "0", "missing_lines": 5, "excluded_lines": 0}, "missing_lines": [33, 34, 37, 38, 39], "excluded_lines": []}, "webhook_log_post_save": {"executed_lines": [], "summary": {"covered_lines": 0, "num_statements": 7, "percent_covered": 0.0, "percent_covered_display": "0", "missing_lines": 7, "excluded_lines": 0}, "missing_lines": [47, 49, 52, 53, 54, 66, 68], "excluded_lines": []}, "": {"executed_lines": [1, 4, 5, 6, 7, 10, 11, 27, 28, 42, 43], "summary": {"covered_lines": 10, "num_statements": 10, "percent_covered": 100.0, "percent_covered_display": "100", "missing_lines": 0, "excluded_lines": 0}, "missing_lines": [], "excluded_lines": []}}, "classes": {"": {"executed_lines": [1, 4, 5, 6, 7, 10, 11, 27, 28, 42, 43], "summary": {"covered_lines": 10, "num_statements": 28, "percent_covered": 35.714285714285715, "percent_covered_display": "36", "missing_lines": 18, "excluded_lines": 0}, "missing_lines": [16, 17, 20, 21, 23, 24, 33, 34, 37, 38, 39, 47, 49, 52, 53, 54, 66, 68], "excluded_lines": []}}}, "apps/webhooks/tasks.py": {"executed_lines": [], "summary": {"covered_lines": 0, "num_statements": 151, "percent_covered": 0.0, "percent_covered_display": "0", "missing_lines": 151, "excluded_lines": 0}, "missing_lines": [4, 5, 6, 7, 8, 9, 10, 12, 13, 18, 21, 22, 26, 28, 30, 31, 32, 35, 36, 37, 38, 39, 40, 43, 44, 45, 46, 47, 48, 51, 52, 53, 54, 55, 56, 57, 60, 63, 66, 67, 70, 71, 72, 73, 77, 78, 81, 82, 90, 93, 94, 95, 100, 101, 102, 105, 108, 109, 110, 111, 115, 116, 119, 120, 129, 133, 134, 137, 140, 143, 144, 145, 148, 149, 150, 152, 154, 161, 162, 165, 166, 167, 168, 169, 170, 173, 174, 177, 178, 182, 183, 186, 188, 190, 196, 197, 198, 199, 202, 207, 213, 226, 227, 229, 235, 236, 237, 240, 241, 245, 246, 248, 251, 255, 257, 262, 263, 264, 267, 268, 272, 274, 275, 280, 282, 284, 286, 287, 290, 291, 293, 295, 300, 301, 302, 305, 306, 310, 311, 312, 314, 315, 316, 317, 318, 319, 321, 323, 329, 330, 331], "excluded_lines": [], "functions": {"process_webhook_async": {"executed_lines": [], "summary": {"covered_lines": 0, "num_statements": 75, "percent_covered": 0.0, "percent_covered_display": "0", "missing_lines": 75, "excluded_lines": 0}, "missing_lines": [26, 28, 30, 31, 32, 35, 36, 37, 38, 39, 40, 43, 44, 45, 46, 47, 48, 51, 52, 53, 54, 55, 56, 57, 60, 63, 66, 67, 70, 71, 72, 73, 77, 78, 81, 82, 90, 93, 94, 95, 100, 101, 102, 105, 108, 109, 110, 111, 115, 116, 119, 120, 129, 133, 134, 137, 140, 143, 144, 145, 148, 149, 150, 152, 154, 161, 162, 165, 166, 167, 168, 169, 170, 173, 174], "excluded_lines": []}, "update_webhook_statistics": {"executed_lines": [], "summary": {"covered_lines": 0, "num_statements": 18, "percent_covered": 0.0, "percent_covered_display": "0", "missing_lines": 18, "excluded_lines": 0}, "missing_lines": [182, 183, 186, 188, 190, 196, 197, 198, 199, 202, 207, 213, 226, 227, 229, 235, 236, 237], "excluded_lines": []}, "cleanup_old_webhook_logs": {"executed_lines": [], "summary": {"covered_lines": 0, "num_statements": 9, "percent_covered": 0.0, "percent_covered_display": "0", "missing_lines": 9, "excluded_lines": 0}, "missing_lines": [245, 246, 248, 251, 255, 257, 262, 263, 264], "excluded_lines": []}, "retry_failed_webhooks": {"executed_lines": [], "summary": {"covered_lines": 0, "num_statements": 15, "percent_covered": 0.0, "percent_covered_display": "0", "missing_lines": 15, "excluded_lines": 0}, "missing_lines": [272, 274, 275, 280, 282, 284, 286, 287, 290, 291, 293, 295, 300, 301, 302], "excluded_lines": []}, "process_bulk_webhooks": {"executed_lines": [], "summary": {"covered_lines": 0, "num_statements": 14, "percent_covered": 0.0, "percent_covered_display": "0", "missing_lines": 14, "excluded_lines": 0}, "missing_lines": [310, 311, 312, 314, 315, 316, 317, 318, 319, 321, 323, 329, 330, 331], "excluded_lines": []}, "": {"executed_lines": [], "summary": {"covered_lines": 0, "num_statements": 20, "percent_covered": 0.0, "percent_covered_display": "0", "missing_lines": 20, "excluded_lines": 0}, "missing_lines": [4, 5, 6, 7, 8, 9, 10, 12, 13, 18, 21, 22, 177, 178, 240, 241, 267, 268, 305, 306], "excluded_lines": []}}, "classes": {"": {"executed_lines": [], "summary": {"covered_lines": 0, "num_statements": 151, "percent_covered": 0.0, "percent_covered_display": "0", "missing_lines": 151, "excluded_lines": 0}, "missing_lines": [4, 5, 6, 7, 8, 9, 10, 12, 13, 18, 21, 22, 26, 28, 30, 31, 32, 35, 36, 37, 38, 39, 40, 43, 44, 45, 46, 47, 48, 51, 52, 53, 54, 55, 56, 57, 60, 63, 66, 67, 70, 71, 72, 73, 77, 78, 81, 82, 90, 93, 94, 95, 100, 101, 102, 105, 108, 109, 110, 111, 115, 116, 119, 120, 129, 133, 134, 137, 140, 143, 144, 145, 148, 149, 150, 152, 154, 161, 162, 165, 166, 167, 168, 169, 170, 173, 174, 177, 178, 182, 183, 186, 188, 190, 196, 197, 198, 199, 202, 207, 213, 226, 227, 229, 235, 236, 237, 240, 241, 245, 246, 248, 251, 255, 257, 262, 263, 264, 267, 268, 272, 274, 275, 280, 282, 284, 286, 287, 290, 291, 293, 295, 300, 301, 302, 305, 306, 310, 311, 312, 314, 315, 316, 317, 318, 319, 321, 323, 329, 330, 331], "excluded_lines": []}}}, "apps/webhooks/urls.py": {"executed_lines": [], "summary": {"covered_lines": 0, "num_statements": 9, "percent_covered": 0.0, "percent_covered_display": "0", "missing_lines": 9, "excluded_lines": 0}, "missing_lines": [4, 5, 6, 12, 13, 14, 15, 17, 19], "excluded_lines": [], "functions": {"": {"executed_lines": [], "summary": {"covered_lines": 0, "num_statements": 9, "percent_covered": 0.0, "percent_covered_display": "0", "missing_lines": 9, "excluded_lines": 0}, "missing_lines": [4, 5, 6, 12, 13, 14, 15, 17, 19], "excluded_lines": []}}, "classes": {"": {"executed_lines": [], "summary": {"covered_lines": 0, "num_statements": 9, "percent_covered": 0.0, "percent_covered_display": "0", "missing_lines": 9, "excluded_lines": 0}, "missing_lines": [4, 5, 6, 12, 13, 14, 15, 17, 19], "excluded_lines": []}}}, "apps/webhooks/utils.py": {"executed_lines": [], "summary": {"covered_lines": 0, "num_statements": 121, "percent_covered": 0.0, "percent_covered_display": "0", "missing_lines": 121, "excluded_lines": 0}, "missing_lines": [4, 5, 6, 7, 8, 9, 11, 14, 18, 19, 20, 22, 23, 26, 30, 32, 34, 35, 38, 39, 42, 49, 51, 52, 53, 56, 60, 62, 65, 68, 69, 72, 74, 76, 77, 78, 81, 85, 88, 89, 90, 91, 94, 95, 97, 98, 101, 102, 103, 104, 107, 108, 109, 110, 112, 114, 116, 119, 120, 122, 123, 125, 128, 132, 135, 136, 138, 139, 142, 143, 144, 146, 147, 150, 152, 153, 154, 155, 156, 158, 161, 165, 168, 182, 183, 184, 185, 186, 190, 191, 193, 196, 203, 204, 206, 209, 213, 215, 224, 228, 232, 233, 237, 241, 242, 245, 249, 250, 252, 253, 254, 256, 257, 259, 260, 261, 264, 268, 269, 271, 277], "excluded_lines": [], "functions": {"get_client_ip": {"executed_lines": [], "summary": {"covered_lines": 0, "num_statements": 5, "percent_covered": 0.0, "percent_covered_display": "0", "missing_lines": 5, "excluded_lines": 0}, "missing_lines": [18, 19, 20, 22, 23], "excluded_lines": []}, "verify_webhook_signature": {"executed_lines": [], "summary": {"covered_lines": 0, "num_statements": 11, "percent_covered": 0.0, "percent_covered_display": "0", "missing_lines": 11, "excluded_lines": 0}, "missing_lines": [30, 32, 34, 35, 38, 39, 42, 49, 51, 52, 53], "excluded_lines": []}, "rate_limit_check": {"executed_lines": [], "summary": {"covered_lines": 0, "num_statements": 10, "percent_covered": 0.0, "percent_covered_display": "0", "missing_lines": 10, "excluded_lines": 0}, "missing_lines": [60, 62, 65, 68, 69, 72, 74, 76, 77, 78], "excluded_lines": []}, "validate_webhook_data": {"executed_lines": [], "summary": {"covered_lines": 0, "num_statements": 25, "percent_covered": 0.0, "percent_covered_display": "0", "missing_lines": 25, "excluded_lines": 0}, "missing_lines": [85, 88, 89, 90, 91, 94, 95, 97, 98, 101, 102, 103, 104, 107, 108, 109, 110, 112, 114, 116, 119, 120, 122, 123, 125], "excluded_lines": []}, "extract_category_hints": {"executed_lines": [], "summary": {"covered_lines": 0, "num_statements": 17, "percent_covered": 0.0, "percent_covered_display": "0", "missing_lines": 17, "excluded_lines": 0}, "missing_lines": [132, 135, 136, 138, 139, 142, 143, 144, 146, 147, 150, 152, 153, 154, 155, 156, 158], "excluded_lines": []}, "prepare_news_data": {"executed_lines": [], "summary": {"covered_lines": 0, "num_statements": 14, "percent_covered": 0.0, "percent_covered_display": "0", "missing_lines": 14, "excluded_lines": 0}, "missing_lines": [165, 168, 182, 183, 184, 185, 186, 190, 191, 193, 196, 203, 204, 206], "excluded_lines": []}, "create_processing_log": {"executed_lines": [], "summary": {"covered_lines": 0, "num_statements": 2, "percent_covered": 0.0, "percent_covered_display": "0", "missing_lines": 2, "excluded_lines": 0}, "missing_lines": [213, 215], "excluded_lines": []}, "send_webhook_notification": {"executed_lines": [], "summary": {"covered_lines": 0, "num_statements": 6, "percent_covered": 0.0, "percent_covered_display": "0", "missing_lines": 6, "excluded_lines": 0}, "missing_lines": [228, 232, 233, 237, 241, 242], "excluded_lines": []}, "cleanup_old_webhook_logs": {"executed_lines": [], "summary": {"covered_lines": 0, "num_statements": 10, "percent_covered": 0.0, "percent_covered_display": "0", "missing_lines": 10, "excluded_lines": 0}, "missing_lines": [249, 250, 252, 253, 254, 256, 257, 259, 260, 261], "excluded_lines": []}, "generate_webhook_signature": {"executed_lines": [], "summary": {"covered_lines": 0, "num_statements": 4, "percent_covered": 0.0, "percent_covered_display": "0", "missing_lines": 4, "excluded_lines": 0}, "missing_lines": [268, 269, 271, 277], "excluded_lines": []}, "": {"executed_lines": [], "summary": {"covered_lines": 0, "num_statements": 17, "percent_covered": 0.0, "percent_covered_display": "0", "missing_lines": 17, "excluded_lines": 0}, "missing_lines": [4, 5, 6, 7, 8, 9, 11, 14, 26, 56, 81, 128, 161, 209, 224, 245, 264], "excluded_lines": []}}, "classes": {"": {"executed_lines": [], "summary": {"covered_lines": 0, "num_statements": 121, "percent_covered": 0.0, "percent_covered_display": "0", "missing_lines": 121, "excluded_lines": 0}, "missing_lines": [4, 5, 6, 7, 8, 9, 11, 14, 18, 19, 20, 22, 23, 26, 30, 32, 34, 35, 38, 39, 42, 49, 51, 52, 53, 56, 60, 62, 65, 68, 69, 72, 74, 76, 77, 78, 81, 85, 88, 89, 90, 91, 94, 95, 97, 98, 101, 102, 103, 104, 107, 108, 109, 110, 112, 114, 116, 119, 120, 122, 123, 125, 128, 132, 135, 136, 138, 139, 142, 143, 144, 146, 147, 150, 152, 153, 154, 155, 156, 158, 161, 165, 168, 182, 183, 184, 185, 186, 190, 191, 193, 196, 203, 204, 206, 209, 213, 215, 224, 228, 232, 233, 237, 241, 242, 245, 249, 250, 252, 253, 254, 256, 257, 259, 260, 261, 264, 268, 269, 271, 277], "excluded_lines": []}}}, "apps/webhooks/views.py": {"executed_lines": [], "summary": {"covered_lines": 0, "num_statements": 123, "percent_covered": 0.0, "percent_covered_display": "0", "missing_lines": 123, "excluded_lines": 0}, "missing_lines": [4, 5, 6, 7, 8, 9, 10, 11, 12, 13, 14, 15, 16, 17, 18, 19, 20, 21, 22, 24, 25, 30, 31, 33, 36, 54, 58, 59, 60, 61, 62, 64, 68, 69, 71, 74, 79, 81, 86, 90, 91, 93, 96, 105, 117, 119, 125, 135, 139, 140, 141, 142, 143, 144, 146, 150, 151, 153, 155, 156, 162, 163, 166, 167, 175, 177, 180, 186, 190, 191, 192, 193, 194, 195, 198, 199, 200, 201, 212, 216, 218, 220, 221, 222, 223, 229, 230, 236, 237, 238, 244, 245, 246, 252, 253, 254, 255, 261, 275, 278, 281, 282, 283, 285, 291, 292, 293, 299, 303, 304, 305, 309, 314, 315, 318, 319, 320, 326, 331, 332, 333, 342, 347], "excluded_lines": [], "functions": {"WebhookSourceViewSet.statistics": {"executed_lines": [], "summary": {"covered_lines": 0, "num_statements": 4, "percent_covered": 0.0, "percent_covered_display": "0", "missing_lines": 4, "excluded_lines": 0}, "missing_lines": [71, 74, 79, 81], "excluded_lines": []}, "WebhookSourceViewSet.test": {"executed_lines": [], "summary": {"covered_lines": 0, "num_statements": 5, "percent_covered": 0.0, "percent_covered_display": "0", "missing_lines": 5, "excluded_lines": 0}, "missing_lines": [93, 96, 105, 117, 119], "excluded_lines": []}, "WebhookLogViewSet.retry": {"executed_lines": [], "summary": {"covered_lines": 0, "num_statements": 9, "percent_covered": 0.0, "percent_covered_display": "0", "missing_lines": 9, "excluded_lines": 0}, "missing_lines": [153, 155, 156, 162, 163, 166, 167, 175, 177], "excluded_lines": []}, "news_webhook": {"executed_lines": [], "summary": {"covered_lines": 0, "num_statements": 28, "percent_covered": 0.0, "percent_covered_display": "0", "missing_lines": 28, "excluded_lines": 0}, "missing_lines": [216, 218, 220, 221, 222, 223, 229, 230, 236, 237, 238, 244, 245, 246, 252, 253, 254, 255, 261, 275, 278, 281, 282, 283, 285, 291, 292, 293], "excluded_lines": []}, "webhook_dashboard": {"executed_lines": [], "summary": {"covered_lines": 0, "num_statements": 11, "percent_covered": 0.0, "percent_covered_display": "0", "missing_lines": 11, "excluded_lines": 0}, "missing_lines": [314, 315, 318, 319, 320, 326, 331, 332, 333, 342, 347], "excluded_lines": []}, "": {"executed_lines": [], "summary": {"covered_lines": 0, "num_statements": 66, "percent_covered": 0.0, "percent_covered_display": "0", "missing_lines": 66, "excluded_lines": 0}, "missing_lines": [4, 5, 6, 7, 8, 9, 10, 11, 12, 13, 14, 15, 16, 17, 18, 19, 20, 21, 22, 24, 25, 30, 31, 33, 36, 54, 58, 59, 60, 61, 62, 64, 68, 69, 86, 90, 91, 125, 135, 139, 140, 141, 142, 143, 144, 146, 150, 151, 180, 186, 190, 191, 192, 193, 194, 195, 198, 199, 200, 201, 212, 299, 303, 304, 305, 309], "excluded_lines": []}}, "classes": {"WebhookSourceViewSet": {"executed_lines": [], "summary": {"covered_lines": 0, "num_statements": 9, "percent_covered": 0.0, "percent_covered_display": "0", "missing_lines": 9, "excluded_lines": 0}, "missing_lines": [71, 74, 79, 81, 93, 96, 105, 117, 119], "excluded_lines": []}, "WebhookLogViewSet": {"executed_lines": [], "summary": {"covered_lines": 0, "num_statements": 9, "percent_covered": 0.0, "percent_covered_display": "0", "missing_lines": 9, "excluded_lines": 0}, "missing_lines": [153, 155, 156, 162, 163, 166, 167, 175, 177], "excluded_lines": []}, "WebhookStatisticViewSet": {"executed_lines": [], "summary": {"covered_lines": 0, "num_statements": 0, "percent_covered": 100.0, "percent_covered_display": "100", "missing_lines": 0, "excluded_lines": 0}, "missing_lines": [], "excluded_lines": []}, "": {"executed_lines": [], "summary": {"covered_lines": 0, "num_statements": 105, "percent_covered": 0.0, "percent_covered_display": "0", "missing_lines": 105, "excluded_lines": 0}, "missing_lines": [4, 5, 6, 7, 8, 9, 10, 11, 12, 13, 14, 15, 16, 17, 18, 19, 20, 21, 22, 24, 25, 30, 31, 33, 36, 54, 58, 59, 60, 61, 62, 64, 68, 69, 86, 90, 91, 125, 135, 139, 140, 141, 142, 143, 144, 146, 150, 151, 180, 186, 190, 191, 192, 193, 194, 195, 198, 199, 200, 201, 212, 216, 218, 220, 221, 222, 223, 229, 230, 236, 237, 238, 244, 245, 246, 252, 253, 254, 255, 261, 275, 278, 281, 282, 283, 285, 291, 292, 293, 299, 303, 304, 305, 309, 314, 315, 318, 319, 320, 326, 331, 332, 333, 342, 347], "excluded_lines": []}}}}, "totals": {"covered_lines": 1264, "num_statements": 4248, "percent_covered": 29.75517890772128, "percent_covered_display": "30", "missing_lines": 2984, "excluded_lines": 0}}